Using pre-set license
Built from '2021.2/staging' branch; Version is '2021.2.6f1 (8c4e826ba445) revision 9195138'; Using compiler version '192829333'; Build Type 'Release'
OS: 'Windows 10  (10.0.19042) 64bit Professional' Language: 'en' Physical Memory: 32104 MB
BatchMode: 1, IsHumanControllingUs: 0, StartBugReporterOnCrash: 0, Is64bit: 1, IsPro: 0

COMMAND LINE ARGUMENTS:
C:\Program Files\Unity\Hub\Editor\2021.2.6f1\Editor\Unity.exe
-adb2
-batchMode
-noUpm
-name
AssetImportWorker2
-projectPath
C:/Users/Thanos/Desktop/UnityProjects/GGJ_2022
-logFile
Logs/AssetImportWorker2.log
-srvPort
58481
Successfully changed project path to: C:/Users/Thanos/Desktop/UnityProjects/GGJ_2022
C:/Users/Thanos/Desktop/UnityProjects/GGJ_2022
[UnityMemory] Configuration Parameters - Can be set up in boot.config
    "memorysetup-bucket-allocator-granularity=16"
    "memorysetup-bucket-allocator-bucket-count=8"
    "memorysetup-bucket-allocator-block-size=33554432"
    "memorysetup-bucket-allocator-block-count=8"
    "memorysetup-main-allocator-block-size=16777216"
    "memorysetup-thread-allocator-block-size=16777216"
    "memorysetup-gfx-main-allocator-block-size=16777216"
    "memorysetup-gfx-thread-allocator-block-size=16777216"
    "memorysetup-cache-allocator-block-size=4194304"
    "memorysetup-typetree-allocator-block-size=2097152"
    "memorysetup-profiler-bucket-allocator-granularity=16"
    "memorysetup-profiler-bucket-allocator-bucket-count=8"
    "memorysetup-profiler-bucket-allocator-block-size=33554432"
    "memorysetup-profiler-bucket-allocator-block-count=8"
    "memorysetup-profiler-allocator-block-size=16777216"
    "memorysetup-profiler-editor-allocator-block-size=1048576"
    "memorysetup-temp-allocator-size-main=16777216"
    "memorysetup-job-temp-allocator-block-size=2097152"
    "memorysetup-job-temp-allocator-block-size-background=1048576"
    "memorysetup-job-temp-allocator-reduction-small-platforms=262144"
    "memorysetup-temp-allocator-size-background-worker=32768"
    "memorysetup-temp-allocator-size-job-worker=262144"
    "memorysetup-temp-allocator-size-preload-manager=33554432"
    "memorysetup-temp-allocator-size-nav-mesh-worker=65536"
    "memorysetup-temp-allocator-size-audio-worker=65536"
    "memorysetup-temp-allocator-size-cloud-worker=32768"
    "memorysetup-temp-allocator-size-gi-baking-worker=262144"
    "memorysetup-temp-allocator-size-gfx=262144"
Refreshing native plugins compatible for Editor in 95.06 ms, found 3 plugins.
Preloading 0 native plugins for Editor in 0.00 ms.
Initialize engine version: 2021.2.6f1 (8c4e826ba445)
[Subsystems] Discovering subsystems at path C:/Program Files/Unity/Hub/Editor/2021.2.6f1/Editor/Data/Resources/UnitySubsystems
[Subsystems] Discovering subsystems at path C:/Users/Thanos/Desktop/UnityProjects/GGJ_2022/Assets
GfxDevice: creating device client; threaded=0; jobified=0
Direct3D:
    Version:  Direct3D 11.0 [level 11.1]
    Renderer: NVIDIA GeForce RTX 3070 Laptop GPU (ID=0x24dd)
    Vendor:   NVIDIA
    VRAM:     8044 MB
    Driver:   27.21.14.6685
Initialize mono
Mono path[0] = 'C:/Program Files/Unity/Hub/Editor/2021.2.6f1/Editor/Data/Managed'
Mono path[1] = 'C:/Program Files/Unity/Hub/Editor/2021.2.6f1/Editor/Data/MonoBleedingEdge/lib/mono/unityjit-win32'
Mono config path = 'C:/Program Files/Unity/Hub/Editor/2021.2.6f1/Editor/Data/MonoBleedingEdge/etc'
Using monoOptions --debugger-agent=transport=dt_socket,embedding=1,server=y,suspend=n,address=127.0.0.1:56456
Begin MonoManager ReloadAssembly
Registering precompiled unity dll's ...
Register platform support module: C:/Program Files/Unity/Hub/Editor/2021.2.6f1/Editor/Data/PlaybackEngines/WindowsStandaloneSupport/UnityEditor.WindowsStandalone.Extensions.dll
Registered in 0.006541 seconds.
Native extension for WindowsStandalone target not found
Refreshing native plugins compatible for Editor in 101.58 ms, found 3 plugins.
Preloading 0 native plugins for Editor in 0.00 ms.
Mono: successfully reloaded assembly
- Completed reload, in  0.619 seconds
Domain Reload Profiling:
	ReloadAssembly (619ms)
		BeginReloadAssembly (72ms)
			ExecutionOrderSort (0ms)
			DisableScriptedObjects (0ms)
			BackupInstance (0ms)
			ReleaseScriptingObjects (0ms)
			CreateAndSetChildDomain (1ms)
		EndReloadAssembly (472ms)
			LoadAssemblies (69ms)
			RebuildTransferFunctionScriptingTraits (0ms)
			SetupTypeCache (100ms)
			ReleaseScriptCaches (0ms)
			RebuildScriptCaches (24ms)
			SetupLoadedEditorAssemblies (298ms)
				LogAssemblyErrors (0ms)
				InitializePlatformSupportModulesInManaged (15ms)
				SetLoadedEditorAssemblies (0ms)
				RefreshPlugins (102ms)
				BeforeProcessingInitializeOnLoad (1ms)
				ProcessInitializeOnLoadAttributes (135ms)
				ProcessInitializeOnLoadMethodAttributes (45ms)
				AfterProcessingInitializeOnLoad (0ms)
				EditorAssembliesLoaded (0ms)
			ExecutionOrderSort2 (0ms)
			AwakeInstancesAfterBackupRestoration (0ms)
Platform modules already initialized, skipping
Registering precompiled user dll's ...
Registered in 0.008810 seconds.
Begin MonoManager ReloadAssembly
Symbol file LoadedFromMemory doesn't match image C:\Users\Thanos\Desktop\UnityProjects\GGJ_2022\Library\PackageCache\com.unity.visualscripting@1.7.5\Editor\VisualScripting.Core\Dependencies\YamlDotNet\Unity.VisualScripting.YamlDotNet.dll
Symbol file LoadedFromMemory doesn't match image C:\Users\Thanos\Desktop\UnityProjects\GGJ_2022\Library\PackageCache\com.unity.visualscripting@1.7.5\Editor\VisualScripting.Core\Dependencies\DotNetZip\Unity.VisualScripting.IonicZip.dll
Native extension for WindowsStandalone target not found
Refreshing native plugins compatible for Editor in 119.34 ms, found 3 plugins.
Preloading 0 native plugins for Editor in 0.00 ms.
Mono: successfully reloaded assembly
- Completed reload, in  1.636 seconds
Domain Reload Profiling:
	ReloadAssembly (1637ms)
		BeginReloadAssembly (97ms)
			ExecutionOrderSort (0ms)
			DisableScriptedObjects (5ms)
			BackupInstance (0ms)
			ReleaseScriptingObjects (0ms)
			CreateAndSetChildDomain (20ms)
		EndReloadAssembly (1454ms)
			LoadAssemblies (72ms)
			RebuildTransferFunctionScriptingTraits (0ms)
			SetupTypeCache (259ms)
			ReleaseScriptCaches (1ms)
			RebuildScriptCaches (57ms)
			SetupLoadedEditorAssemblies (1019ms)
				LogAssemblyErrors (0ms)
				InitializePlatformSupportModulesInManaged (11ms)
				SetLoadedEditorAssemblies (0ms)
				RefreshPlugins (119ms)
				BeforeProcessingInitializeOnLoad (111ms)
				ProcessInitializeOnLoadAttributes (703ms)
				ProcessInitializeOnLoadMethodAttributes (67ms)
				AfterProcessingInitializeOnLoad (7ms)
				EditorAssembliesLoaded (0ms)
			ExecutionOrderSort2 (0ms)
			AwakeInstancesAfterBackupRestoration (5ms)
Platform modules already initialized, skipping
========================================================================
Worker process is ready to serve import requests
Launched and connected shader compiler UnityShaderCompiler.exe after 0.05 seconds
Refreshing native plugins compatible for Editor in 0.93 ms, found 3 plugins.
Preloading 0 native plugins for Editor in 0.00 ms.
Unloading 5139 Unused Serialized files (Serialized files now loaded: 0)
Unloading 40 unused Assets / (0.7 MB). Loaded Objects now: 5599.
Memory consumption went from 205.6 MB to 204.9 MB.
Total: 3.832000 ms (FindLiveObjects: 0.404000 ms CreateObjectMapping: 0.150700 ms MarkObjects: 3.008400 ms  DeleteObjects: 0.268100 ms)

AssetImportParameters requested are different than current active one (requested -> active):
  custom:video-decoder-ogg-theora: a1e56fd34408186e4bbccfd4996cb3dc -> 
  custom:container-muxer-webm: aa71ff27fc2769a1b78a27578f13a17b -> 
  custom:container-demuxer-webm: 4f35f7cbe854078d1ac9338744f61a02 -> 
  custom:video-encoder-webm-vp8: eb34c28f22e8b96e1ab97ce403110664 -> 
  custom:video-codec-MediaFoundation-h265: 746d11721c4dcdbdad8f713fa42b33f4 -> 
  custom:audio-encoder-webm-vorbis: bf7c407c2cedff20999df2af8eb42d56 -> 
  custom:framework-win-MediaFoundation: 216162199b28c13a410421893ffa2e32 -> 
  custom:container-demuxer-ogg: 62fdf1f143b41e24485cea50d1cbac27 -> 
  custom:video-decoder-webm-vp8: 9c59270c3fd7afecdb556c50c9e8de78 -> 
  custom:audio-decoder-ogg-vorbis: bf7c407c2cedff20999df2af8eb42d56 -> 
========================================================================
Received Import Request.
  Time since last request: 1126608.275369 seconds.
  path: Assets/Materials/Blue.mat
  artifactKey: Guid(aadbfb22adb404743af7f6ef4331a1a4) Importer(815301076,1909f56bfc062723c751e8b465ee728b)
Start importing Assets/Materials/Blue.mat using Guid(aadbfb22adb404743af7f6ef4331a1a4) Importer(815301076,1909f56bfc062723c751e8b465ee728b)  -> (artifact id: '6200c90e7289537dd449824c930e25fa') in 1.014276 seconds 
========================================================================
Received Import Request.
  Time since last request: 5.292251 seconds.
  path: Assets/Materials/Player1.png
  artifactKey: Guid(2bbbf6647df7fd44bb17ebe417f2b8a4) Importer(815301076,1909f56bfc062723c751e8b465ee728b)
Start importing Assets/Materials/Player1.png using Guid(2bbbf6647df7fd44bb17ebe417f2b8a4) Importer(815301076,1909f56bfc062723c751e8b465ee728b)  -> (artifact id: '3cb58719b0d06cf60a3fab4efdf2c06e') in 0.023539 seconds 
========================================================================
Received Import Request.
  Time since last request: 14.993990 seconds.
  path: Assets/Materials/Shield.shadergraph
  artifactKey: Guid(9f0d79a47f81b354fa1a83fc7c82fdd3) Importer(815301076,1909f56bfc062723c751e8b465ee728b)
Start importing Assets/Materials/Shield.shadergraph using Guid(9f0d79a47f81b354fa1a83fc7c82fdd3) Importer(815301076,1909f56bfc062723c751e8b465ee728b)  -> (artifact id: '7021d810d4e443f373f6436f4d1c22c3') in 0.004726 seconds 
========================================================================
Received Import Request.
  Time since last request: 72.543797 seconds.
  path: Assets/Scripts/Gauge.cs
  artifactKey: Guid(b72945f6f4a43f4459d7536d9c9f042b) Importer(815301076,1909f56bfc062723c751e8b465ee728b)
Start importing Assets/Scripts/Gauge.cs using Guid(b72945f6f4a43f4459d7536d9c9f042b) Importer(815301076,1909f56bfc062723c751e8b465ee728b)  -> (artifact id: 'ea9ecd77b56327881a1b57609d1f7e68') in 0.007889 seconds 
========================================================================
Received Prepare
Registering precompiled user dll's ...
Registered in 0.010200 seconds.
Begin MonoManager ReloadAssembly
Symbol file LoadedFromMemory doesn't match image C:\Users\Thanos\Desktop\UnityProjects\GGJ_2022\Library\PackageCache\com.unity.visualscripting@1.7.5\Editor\VisualScripting.Core\Dependencies\YamlDotNet\Unity.VisualScripting.YamlDotNet.dll
Symbol file LoadedFromMemory doesn't match image C:\Users\Thanos\Desktop\UnityProjects\GGJ_2022\Library\PackageCache\com.unity.visualscripting@1.7.5\Editor\VisualScripting.Core\Dependencies\DotNetZip\Unity.VisualScripting.IonicZip.dll
Native extension for WindowsStandalone target not found
Refreshing native plugins compatible for Editor in 0.87 ms, found 3 plugins.
Preloading 0 native plugins for Editor in 0.00 ms.
Mono: successfully reloaded assembly
- Completed reload, in  1.057 seconds
Domain Reload Profiling:
	ReloadAssembly (1058ms)
		BeginReloadAssembly (147ms)
			ExecutionOrderSort (0ms)
			DisableScriptedObjects (7ms)
			BackupInstance (0ms)
			ReleaseScriptingObjects (0ms)
			CreateAndSetChildDomain (49ms)
		EndReloadAssembly (833ms)
			LoadAssemblies (68ms)
			RebuildTransferFunctionScriptingTraits (0ms)
			SetupTypeCache (216ms)
			ReleaseScriptCaches (2ms)
			RebuildScriptCaches (42ms)
			SetupLoadedEditorAssemblies (435ms)
				LogAssemblyErrors (0ms)
				InitializePlatformSupportModulesInManaged (10ms)
				SetLoadedEditorAssemblies (0ms)
				RefreshPlugins (1ms)
				BeforeProcessingInitializeOnLoad (74ms)
				ProcessInitializeOnLoadAttributes (274ms)
				ProcessInitializeOnLoadMethodAttributes (68ms)
				AfterProcessingInitializeOnLoad (7ms)
				EditorAssembliesLoaded (0ms)
			ExecutionOrderSort2 (0ms)
			AwakeInstancesAfterBackupRestoration (15ms)
Platform modules already initialized, skipping
Refreshing native plugins compatible for Editor in 2.61 ms, found 3 plugins.
Preloading 0 native plugins for Editor in 0.00 ms.
Unloading 5008 Unused Serialized files (Serialized files now loaded: 0)
Unloading 28 unused Assets / (310.1 KB). Loaded Objects now: 5713.
Memory consumption went from 206.2 MB to 205.9 MB.
Total: 4.628600 ms (FindLiveObjects: 0.489800 ms CreateObjectMapping: 0.263900 ms MarkObjects: 3.805600 ms  DeleteObjects: 0.068100 ms)

AssetImportParameters requested are different than current active one (requested -> active):
  custom:video-decoder-ogg-theora: a1e56fd34408186e4bbccfd4996cb3dc -> 
  custom:container-muxer-webm: aa71ff27fc2769a1b78a27578f13a17b -> 
  custom:container-demuxer-webm: 4f35f7cbe854078d1ac9338744f61a02 -> 
  custom:video-encoder-webm-vp8: eb34c28f22e8b96e1ab97ce403110664 -> 
  custom:video-codec-MediaFoundation-h265: 746d11721c4dcdbdad8f713fa42b33f4 -> 
  custom:audio-encoder-webm-vorbis: bf7c407c2cedff20999df2af8eb42d56 -> 
  custom:framework-win-MediaFoundation: 216162199b28c13a410421893ffa2e32 -> 
  custom:container-demuxer-ogg: 62fdf1f143b41e24485cea50d1cbac27 -> 
  custom:video-decoder-webm-vp8: 9c59270c3fd7afecdb556c50c9e8de78 -> 
  custom:audio-decoder-ogg-vorbis: bf7c407c2cedff20999df2af8eb42d56 -> 
========================================================================
Received Import Request.
  Time since last request: 304.255906 seconds.
  path: Assets/Models
  artifactKey: Guid(c10a5275f6cba1b49b473e989f872870) Importer(815301076,1909f56bfc062723c751e8b465ee728b)
Start importing Assets/Models using Guid(c10a5275f6cba1b49b473e989f872870) Importer(815301076,1909f56bfc062723c751e8b465ee728b)  -> (artifact id: 'cf24af66efc7ba7e0f21e0cf9265dbfa') in 0.013811 seconds 
========================================================================
Received Import Request.
  Time since last request: 0.083108 seconds.
  path: Assets/Models/Cat.fbx
  artifactKey: Guid(7360392b45e48d44eac4d136f5b7d472) Importer(815301076,1909f56bfc062723c751e8b465ee728b)
Start importing Assets/Models/Cat.fbx using Guid(7360392b45e48d44eac4d136f5b7d472) Importer(815301076,1909f56bfc062723c751e8b465ee728b)  -> (artifact id: 'c430b6bc84b026318c67f8733a11de0d') in 0.206517 seconds 
========================================================================
Received Import Request.
  Time since last request: 0.000022 seconds.
  path: Assets/Models/Shield.fbx
  artifactKey: Guid(588955e2f8e723045b3f395f3cec1711) Importer(815301076,1909f56bfc062723c751e8b465ee728b)
Start importing Assets/Models/Shield.fbx using Guid(588955e2f8e723045b3f395f3cec1711) Importer(815301076,1909f56bfc062723c751e8b465ee728b)  -> (artifact id: 'b7619a5a8b41d22dbe4e9e22bcd165bf') in 0.020371 seconds 
========================================================================
Received Import Request.
  Time since last request: 0.000026 seconds.
  path: Assets/Models/Enemy Cube.fbx
  artifactKey: Guid(d205fd6205a54bb438e03bf63a36e8f1) Importer(815301076,1909f56bfc062723c751e8b465ee728b)
Start importing Assets/Models/Enemy Cube.fbx using Guid(d205fd6205a54bb438e03bf63a36e8f1) Importer(815301076,1909f56bfc062723c751e8b465ee728b)  -> (artifact id: '0ec9e9f8c93d816a064efc8064e4f7e1') in 0.020311 seconds 
========================================================================
Received Import Request.
  Time since last request: 78.604958 seconds.
  path: Assets/Models/Enemy2.fbx
  artifactKey: Guid(471cd8296b3c6e14ab2afed5a27f0032) Importer(815301076,1909f56bfc062723c751e8b465ee728b)
Start importing Assets/Models/Enemy2.fbx using Guid(471cd8296b3c6e14ab2afed5a27f0032) Importer(815301076,1909f56bfc062723c751e8b465ee728b)  -> (artifact id: '237fdacf72742116b843c010c2fe960a') in 0.035431 seconds 
========================================================================
Received Import Request.
  Time since last request: 212.107918 seconds.
  path: Assets/Materials/New Material.mat
  artifactKey: Guid(1e0850b624fa24a41b28abbb49817308) Importer(815301076,1909f56bfc062723c751e8b465ee728b)
Start importing Assets/Materials/New Material.mat using Guid(1e0850b624fa24a41b28abbb49817308) Importer(815301076,1909f56bfc062723c751e8b465ee728b)  -> (artifact id: 'f7650ba6f6991b0f71b9c6a2d7076f0e') in 0.014524 seconds 
========================================================================
Received Import Request.
  Time since last request: 0.000030 seconds.
  path: Assets/Materials/Orange.mat
  artifactKey: Guid(99386a0debf0cb84497d2ff5d50d1db6) Importer(815301076,1909f56bfc062723c751e8b465ee728b)
Start importing Assets/Materials/Orange.mat using Guid(99386a0debf0cb84497d2ff5d50d1db6) Importer(815301076,1909f56bfc062723c751e8b465ee728b)  -> (artifact id: 'e40281bab5f2ad9d93a22e11a8406bd4') in 0.028020 seconds 
========================================================================
Received Import Request.
  Time since last request: 10.057137 seconds.
  path: Assets/Materials/Enemy2.png
  artifactKey: Guid(e3d6ac02194ee274e9add3217de1528a) Importer(815301076,1909f56bfc062723c751e8b465ee728b)
Start importing Assets/Materials/Enemy2.png using Guid(e3d6ac02194ee274e9add3217de1528a) Importer(815301076,1909f56bfc062723c751e8b465ee728b)  -> (artifact id: '4e3901e3d42685af06676883c7a195ac') in 0.020687 seconds 
========================================================================
Received Import Request.
  Time since last request: 906.913903 seconds.
  path: Assets/Models/Enemy2.fbx
  artifactKey: Guid(471cd8296b3c6e14ab2afed5a27f0032) Importer(815301076,1909f56bfc062723c751e8b465ee728b)
Start importing Assets/Models/Enemy2.fbx using Guid(471cd8296b3c6e14ab2afed5a27f0032) Importer(815301076,1909f56bfc062723c751e8b465ee728b)  -> (artifact id: '0238c8f279d147ea3786da3967ba250c') in 0.035078 seconds 
========================================================================
Received Import Request.
  Time since last request: 26.800205 seconds.
  path: Assets/Prefabs/Die Particles.prefab
  artifactKey: Guid(b5ee4ca18d54fa04db0f184f19fd6800) Importer(815301076,1909f56bfc062723c751e8b465ee728b)
Start importing Assets/Prefabs/Die Particles.prefab using Guid(b5ee4ca18d54fa04db0f184f19fd6800) Importer(815301076,1909f56bfc062723c751e8b465ee728b)  -> (artifact id: 'a03dca3f061b9c06a9b3b0b0204a9615') in 0.020202 seconds 
========================================================================
Received Import Request.
  Time since last request: 0.000018 seconds.
  path: Assets/Prefabs/Enemy.prefab
  artifactKey: Guid(1ef4c0654e659334e9f9ec7b6c0d9ba9) Importer(815301076,1909f56bfc062723c751e8b465ee728b)
Start importing Assets/Prefabs/Enemy.prefab using Guid(1ef4c0654e659334e9f9ec7b6c0d9ba9) Importer(815301076,1909f56bfc062723c751e8b465ee728b)  -> (artifact id: 'a239b1b178dc79e48ed58dc9380f656f') in 0.984781 seconds 
========================================================================
Received Prepare
Registering precompiled user dll's ...
Registered in 0.007809 seconds.
Begin MonoManager ReloadAssembly
Symbol file LoadedFromMemory doesn't match image C:\Users\Thanos\Desktop\UnityProjects\GGJ_2022\Library\PackageCache\com.unity.visualscripting@1.7.5\Editor\VisualScripting.Core\Dependencies\YamlDotNet\Unity.VisualScripting.YamlDotNet.dll
Symbol file LoadedFromMemory doesn't match image C:\Users\Thanos\Desktop\UnityProjects\GGJ_2022\Library\PackageCache\com.unity.visualscripting@1.7.5\Editor\VisualScripting.Core\Dependencies\DotNetZip\Unity.VisualScripting.IonicZip.dll
Native extension for WindowsStandalone target not found
Refreshing native plugins compatible for Editor in 1.44 ms, found 3 plugins.
Preloading 0 native plugins for Editor in 0.00 ms.
Mono: successfully reloaded assembly
- Completed reload, in  1.181 seconds
Domain Reload Profiling:
	ReloadAssembly (1182ms)
		BeginReloadAssembly (146ms)
			ExecutionOrderSort (0ms)
			DisableScriptedObjects (8ms)
			BackupInstance (0ms)
			ReleaseScriptingObjects (0ms)
			CreateAndSetChildDomain (45ms)
		EndReloadAssembly (952ms)
			LoadAssemblies (75ms)
			RebuildTransferFunctionScriptingTraits (0ms)
			SetupTypeCache (266ms)
			ReleaseScriptCaches (2ms)
			RebuildScriptCaches (49ms)
			SetupLoadedEditorAssemblies (479ms)
				LogAssemblyErrors (0ms)
				InitializePlatformSupportModulesInManaged (13ms)
				SetLoadedEditorAssemblies (1ms)
				RefreshPlugins (2ms)
				BeforeProcessingInitializeOnLoad (89ms)
				ProcessInitializeOnLoadAttributes (303ms)
				ProcessInitializeOnLoadMethodAttributes (65ms)
				AfterProcessingInitializeOnLoad (7ms)
				EditorAssembliesLoaded (0ms)
			ExecutionOrderSort2 (0ms)
			AwakeInstancesAfterBackupRestoration (15ms)
Platform modules already initialized, skipping
Refreshing native plugins compatible for Editor in 1.07 ms, found 3 plugins.
Preloading 0 native plugins for Editor in 0.00 ms.
Unloading 4998 Unused Serialized files (Serialized files now loaded: 0)
Unloading 28 unused Assets / (310.0 KB). Loaded Objects now: 5774.
Memory consumption went from 206.6 MB to 206.3 MB.
Total: 3.336900 ms (FindLiveObjects: 0.374400 ms CreateObjectMapping: 0.141200 ms MarkObjects: 2.764600 ms  DeleteObjects: 0.055700 ms)

AssetImportParameters requested are different than current active one (requested -> active):
  custom:video-decoder-ogg-theora: a1e56fd34408186e4bbccfd4996cb3dc -> 
  custom:container-muxer-webm: aa71ff27fc2769a1b78a27578f13a17b -> 
  custom:container-demuxer-webm: 4f35f7cbe854078d1ac9338744f61a02 -> 
  custom:video-encoder-webm-vp8: eb34c28f22e8b96e1ab97ce403110664 -> 
  custom:video-codec-MediaFoundation-h265: 746d11721c4dcdbdad8f713fa42b33f4 -> 
  custom:audio-encoder-webm-vorbis: bf7c407c2cedff20999df2af8eb42d56 -> 
  custom:framework-win-MediaFoundation: 216162199b28c13a410421893ffa2e32 -> 
  custom:container-demuxer-ogg: 62fdf1f143b41e24485cea50d1cbac27 -> 
  custom:video-decoder-webm-vp8: 9c59270c3fd7afecdb556c50c9e8de78 -> 
  custom:audio-decoder-ogg-vorbis: bf7c407c2cedff20999df2af8eb42d56 -> 
========================================================================
Received Import Request.
  Time since last request: 157.040035 seconds.
  path: Assets/Materials/Enemy.shadergraph
  artifactKey: Guid(318595afb064fa341a5cd25afbe52430) Importer(815301076,1909f56bfc062723c751e8b465ee728b)
Start importing Assets/Materials/Enemy.shadergraph using Guid(318595afb064fa341a5cd25afbe52430) Importer(815301076,1909f56bfc062723c751e8b465ee728b)  -> (artifact id: 'be65e0f82270ba32853d4abf79bc9062') in 0.022734 seconds 
========================================================================
Received Import Request.
  Time since last request: 7.171956 seconds.
  path: Assets/Materials/Enemy.shadergraph
  artifactKey: Guid(318595afb064fa341a5cd25afbe52430) Importer(815301076,1909f56bfc062723c751e8b465ee728b)
Start importing Assets/Materials/Enemy.shadergraph using Guid(318595afb064fa341a5cd25afbe52430) Importer(815301076,1909f56bfc062723c751e8b465ee728b)  -> (artifact id: '2c1f3a811667f7fa4060f04155d8afd2') in 0.002384 seconds 
========================================================================
Received Import Request.
  Time since last request: 0.015871 seconds.
  path: Assets/Materials/Enemy.mat
  artifactKey: Guid(8137b2b561d0348459034d1b4cff6460) Importer(815301076,1909f56bfc062723c751e8b465ee728b)
Start importing Assets/Materials/Enemy.mat using Guid(8137b2b561d0348459034d1b4cff6460) Importer(815301076,1909f56bfc062723c751e8b465ee728b)  -> (artifact id: '91fed33b65f120d044405ba2553530a9') in 0.138605 seconds 
========================================================================
Received Import Request.
  Time since last request: 42.980680 seconds.
  path: Assets/Materials/Enemy.shadergraph
  artifactKey: Guid(318595afb064fa341a5cd25afbe52430) Importer(815301076,1909f56bfc062723c751e8b465ee728b)
Start importing Assets/Materials/Enemy.shadergraph using Guid(318595afb064fa341a5cd25afbe52430) Importer(815301076,1909f56bfc062723c751e8b465ee728b)  -> (artifact id: '7a330dcf03ba76ba1129dc532ceb5a58') in 0.002903 seconds 
========================================================================
Received Import Request.
  Time since last request: 0.993884 seconds.
  path: Assets/Materials/Enemy.mat
  artifactKey: Guid(8137b2b561d0348459034d1b4cff6460) Importer(815301076,1909f56bfc062723c751e8b465ee728b)
Start importing Assets/Materials/Enemy.mat using Guid(8137b2b561d0348459034d1b4cff6460) Importer(815301076,1909f56bfc062723c751e8b465ee728b)  -> (artifact id: '46e5044cb6f8d516cfe33f74592b8a1b') in 0.015300 seconds 
========================================================================
Received Import Request.
  Time since last request: 84.804974 seconds.
  path: Assets/Materials/Enemy 1.mat
  artifactKey: Guid(b87e4996cd1ce78459e81ef9d1acef8c) Importer(815301076,1909f56bfc062723c751e8b465ee728b)
Start importing Assets/Materials/Enemy 1.mat using Guid(b87e4996cd1ce78459e81ef9d1acef8c) Importer(815301076,1909f56bfc062723c751e8b465ee728b)  -> (artifact id: 'ba796d40f9b9187c403c736f5212b2ac') in 0.030088 seconds 
========================================================================
Received Import Request.
  Time since last request: 3.523077 seconds.
  path: Assets/Materials/Enemy 2.mat
  artifactKey: Guid(b87e4996cd1ce78459e81ef9d1acef8c) Importer(815301076,1909f56bfc062723c751e8b465ee728b)
Start importing Assets/Materials/Enemy 2.mat using Guid(b87e4996cd1ce78459e81ef9d1acef8c) Importer(815301076,1909f56bfc062723c751e8b465ee728b)  -> (artifact id: '91d12e38b48294da09499b47fe3028b5') in 0.016131 seconds 
========================================================================
Received Import Request.
  Time since last request: 112.506130 seconds.
  path: Assets/Prefabs/Enemy.prefab
  artifactKey: Guid(1ef4c0654e659334e9f9ec7b6c0d9ba9) Importer(815301076,1909f56bfc062723c751e8b465ee728b)
Start importing Assets/Prefabs/Enemy.prefab using Guid(1ef4c0654e659334e9f9ec7b6c0d9ba9) Importer(815301076,1909f56bfc062723c751e8b465ee728b)  -> (artifact id: '6df80e31a19a2f5a5e0669f081c07e5f') in 0.025549 seconds 
========================================================================
Received Import Request.
  Time since last request: 10.581713 seconds.
  path: Assets/Prefabs/Enemy.prefab
  artifactKey: Guid(1ef4c0654e659334e9f9ec7b6c0d9ba9) Importer(815301076,1909f56bfc062723c751e8b465ee728b)
Start importing Assets/Prefabs/Enemy.prefab using Guid(1ef4c0654e659334e9f9ec7b6c0d9ba9) Importer(815301076,1909f56bfc062723c751e8b465ee728b)  -> (artifact id: 'b5d939b20f2221105b108541db8723af') in 0.015266 seconds 
========================================================================
Received Import Request.
  Time since last request: 2.375393 seconds.
  path: Assets/Prefabs/Enemy.prefab
  artifactKey: Guid(1ef4c0654e659334e9f9ec7b6c0d9ba9) Importer(815301076,1909f56bfc062723c751e8b465ee728b)
Start importing Assets/Prefabs/Enemy.prefab using Guid(1ef4c0654e659334e9f9ec7b6c0d9ba9) Importer(815301076,1909f56bfc062723c751e8b465ee728b)  -> (artifact id: 'b9b5516399d64dd8667c6ed680625348') in 0.015575 seconds 
========================================================================
Received Prepare
Registering precompiled user dll's ...
Registered in 0.006930 seconds.
Begin MonoManager ReloadAssembly
Symbol file LoadedFromMemory doesn't match image C:\Users\Thanos\Desktop\UnityProjects\GGJ_2022\Library\PackageCache\com.unity.visualscripting@1.7.5\Editor\VisualScripting.Core\Dependencies\YamlDotNet\Unity.VisualScripting.YamlDotNet.dll
Symbol file LoadedFromMemory doesn't match image C:\Users\Thanos\Desktop\UnityProjects\GGJ_2022\Library\PackageCache\com.unity.visualscripting@1.7.5\Editor\VisualScripting.Core\Dependencies\DotNetZip\Unity.VisualScripting.IonicZip.dll
Native extension for WindowsStandalone target not found
Refreshing native plugins compatible for Editor in 0.87 ms, found 3 plugins.
Preloading 0 native plugins for Editor in 0.00 ms.
Mono: successfully reloaded assembly
- Completed reload, in  1.105 seconds
Domain Reload Profiling:
	ReloadAssembly (1106ms)
		BeginReloadAssembly (173ms)
			ExecutionOrderSort (0ms)
			DisableScriptedObjects (7ms)
			BackupInstance (0ms)
			ReleaseScriptingObjects (0ms)
			CreateAndSetChildDomain (51ms)
		EndReloadAssembly (850ms)
			LoadAssemblies (98ms)
			RebuildTransferFunctionScriptingTraits (0ms)
			SetupTypeCache (243ms)
			ReleaseScriptCaches (2ms)
			RebuildScriptCaches (36ms)
			SetupLoadedEditorAssemblies (437ms)
				LogAssemblyErrors (0ms)
				InitializePlatformSupportModulesInManaged (11ms)
				SetLoadedEditorAssemblies (0ms)
				RefreshPlugins (1ms)
				BeforeProcessingInitializeOnLoad (75ms)
				ProcessInitializeOnLoadAttributes (281ms)
				ProcessInitializeOnLoadMethodAttributes (61ms)
				AfterProcessingInitializeOnLoad (8ms)
				EditorAssembliesLoaded (0ms)
			ExecutionOrderSort2 (0ms)
			AwakeInstancesAfterBackupRestoration (14ms)
Platform modules already initialized, skipping
Refreshing native plugins compatible for Editor in 0.92 ms, found 3 plugins.
Preloading 0 native plugins for Editor in 0.00 ms.
Unloading 4997 Unused Serialized files (Serialized files now loaded: 0)
Unloading 28 unused Assets / (310.0 KB). Loaded Objects now: 5816.
Memory consumption went from 206.7 MB to 206.4 MB.
Total: 3.800500 ms (FindLiveObjects: 0.393300 ms CreateObjectMapping: 0.345900 ms MarkObjects: 3.001600 ms  DeleteObjects: 0.059000 ms)

AssetImportParameters requested are different than current active one (requested -> active):
  custom:video-decoder-ogg-theora: a1e56fd34408186e4bbccfd4996cb3dc -> 
  custom:container-muxer-webm: aa71ff27fc2769a1b78a27578f13a17b -> 
  custom:container-demuxer-webm: 4f35f7cbe854078d1ac9338744f61a02 -> 
  custom:video-encoder-webm-vp8: eb34c28f22e8b96e1ab97ce403110664 -> 
  custom:video-codec-MediaFoundation-h265: 746d11721c4dcdbdad8f713fa42b33f4 -> 
  custom:audio-encoder-webm-vorbis: bf7c407c2cedff20999df2af8eb42d56 -> 
  custom:framework-win-MediaFoundation: 216162199b28c13a410421893ffa2e32 -> 
  custom:container-demuxer-ogg: 62fdf1f143b41e24485cea50d1cbac27 -> 
  custom:video-decoder-webm-vp8: 9c59270c3fd7afecdb556c50c9e8de78 -> 
  custom:audio-decoder-ogg-vorbis: bf7c407c2cedff20999df2af8eb42d56 -> 
========================================================================
Received Import Request.
  Time since last request: 52.812780 seconds.
  path: Assets/Prefabs/Enemy.prefab
  artifactKey: Guid(1ef4c0654e659334e9f9ec7b6c0d9ba9) Importer(815301076,1909f56bfc062723c751e8b465ee728b)
Start importing Assets/Prefabs/Enemy.prefab using Guid(1ef4c0654e659334e9f9ec7b6c0d9ba9) Importer(815301076,1909f56bfc062723c751e8b465ee728b)  -> (artifact id: '2114842c6faa9435e2b892effc9fbcc4') in 1.224095 seconds 
========================================================================
Received Import Request.
  Time since last request: 21.070732 seconds.
  path: Assets/Prefabs/Enemy.prefab
  artifactKey: Guid(1ef4c0654e659334e9f9ec7b6c0d9ba9) Importer(815301076,1909f56bfc062723c751e8b465ee728b)
Start importing Assets/Prefabs/Enemy.prefab using Guid(1ef4c0654e659334e9f9ec7b6c0d9ba9) Importer(815301076,1909f56bfc062723c751e8b465ee728b)  -> (artifact id: '60c6337401588a270ac476d1c4d5683c') in 0.014462 seconds 
========================================================================
Received Import Request.
  Time since last request: 1.796080 seconds.
  path: Assets/Prefabs/Enemy.prefab
  artifactKey: Guid(1ef4c0654e659334e9f9ec7b6c0d9ba9) Importer(815301076,1909f56bfc062723c751e8b465ee728b)
Start importing Assets/Prefabs/Enemy.prefab using Guid(1ef4c0654e659334e9f9ec7b6c0d9ba9) Importer(815301076,1909f56bfc062723c751e8b465ee728b)  -> (artifact id: '95aa2c9ebba142c92f8a6e4c0bc75456') in 0.014240 seconds 
========================================================================
Received Import Request.
  Time since last request: 1.788895 seconds.
  path: Assets/Prefabs/Enemy.prefab
  artifactKey: Guid(1ef4c0654e659334e9f9ec7b6c0d9ba9) Importer(815301076,1909f56bfc062723c751e8b465ee728b)
Start importing Assets/Prefabs/Enemy.prefab using Guid(1ef4c0654e659334e9f9ec7b6c0d9ba9) Importer(815301076,1909f56bfc062723c751e8b465ee728b)  -> (artifact id: '1676b0456e5af8ce01b4101293d61322') in 0.006850 seconds 
========================================================================
Received Import Request.
  Time since last request: 9.528690 seconds.
  path: Assets/Prefabs/Enemy.prefab
  artifactKey: Guid(1ef4c0654e659334e9f9ec7b6c0d9ba9) Importer(815301076,1909f56bfc062723c751e8b465ee728b)
Start importing Assets/Prefabs/Enemy.prefab using Guid(1ef4c0654e659334e9f9ec7b6c0d9ba9) Importer(815301076,1909f56bfc062723c751e8b465ee728b)  -> (artifact id: 'c73b10a9e5e052693718177d5bd75729') in 0.014638 seconds 
========================================================================
Received Import Request.
  Time since last request: 13.628996 seconds.
  path: Assets/Prefabs/Enemy.prefab
  artifactKey: Guid(1ef4c0654e659334e9f9ec7b6c0d9ba9) Importer(815301076,1909f56bfc062723c751e8b465ee728b)
Start importing Assets/Prefabs/Enemy.prefab using Guid(1ef4c0654e659334e9f9ec7b6c0d9ba9) Importer(815301076,1909f56bfc062723c751e8b465ee728b)  -> (artifact id: 'a9ee7953988c8b2bee6ca35d754da191') in 0.016010 seconds 
========================================================================
Received Import Request.
  Time since last request: 1.984737 seconds.
  path: Assets/Prefabs/Enemy.prefab
  artifactKey: Guid(1ef4c0654e659334e9f9ec7b6c0d9ba9) Importer(815301076,1909f56bfc062723c751e8b465ee728b)
Start importing Assets/Prefabs/Enemy.prefab using Guid(1ef4c0654e659334e9f9ec7b6c0d9ba9) Importer(815301076,1909f56bfc062723c751e8b465ee728b)  -> (artifact id: 'a7351b5c24946a2510b24be406ffe75c') in 0.017389 seconds 
========================================================================
Received Import Request.
  Time since last request: 27.526508 seconds.
  path: Assets/Scripts/LookAtTarget.cs
  artifactKey: Guid(59f246795bded9141b5d652dc88a092e) Importer(815301076,1909f56bfc062723c751e8b465ee728b)
Start importing Assets/Scripts/LookAtTarget.cs using Guid(59f246795bded9141b5d652dc88a092e) Importer(815301076,1909f56bfc062723c751e8b465ee728b)  -> (artifact id: 'c9e76dbfd49424d489725a97a6ce228b') in 0.005918 seconds 
========================================================================
Received Prepare
Registering precompiled user dll's ...
Registered in 0.010360 seconds.
Begin MonoManager ReloadAssembly
Symbol file LoadedFromMemory doesn't match image C:\Users\Thanos\Desktop\UnityProjects\GGJ_2022\Library\PackageCache\com.unity.visualscripting@1.7.5\Editor\VisualScripting.Core\Dependencies\YamlDotNet\Unity.VisualScripting.YamlDotNet.dll
Symbol file LoadedFromMemory doesn't match image C:\Users\Thanos\Desktop\UnityProjects\GGJ_2022\Library\PackageCache\com.unity.visualscripting@1.7.5\Editor\VisualScripting.Core\Dependencies\DotNetZip\Unity.VisualScripting.IonicZip.dll
Native extension for WindowsStandalone target not found
Refreshing native plugins compatible for Editor in 0.74 ms, found 3 plugins.
Preloading 0 native plugins for Editor in 0.00 ms.
Mono: successfully reloaded assembly
- Completed reload, in  1.055 seconds
Domain Reload Profiling:
	ReloadAssembly (1055ms)
		BeginReloadAssembly (130ms)
			ExecutionOrderSort (0ms)
			DisableScriptedObjects (7ms)
			BackupInstance (0ms)
			ReleaseScriptingObjects (0ms)
			CreateAndSetChildDomain (39ms)
		EndReloadAssembly (843ms)
			LoadAssemblies (76ms)
			RebuildTransferFunctionScriptingTraits (0ms)
			SetupTypeCache (245ms)
			ReleaseScriptCaches (2ms)
			RebuildScriptCaches (41ms)
			SetupLoadedEditorAssemblies (424ms)
				LogAssemblyErrors (0ms)
				InitializePlatformSupportModulesInManaged (11ms)
				SetLoadedEditorAssemblies (0ms)
				RefreshPlugins (1ms)
				BeforeProcessingInitializeOnLoad (73ms)
				ProcessInitializeOnLoadAttributes (274ms)
				ProcessInitializeOnLoadMethodAttributes (58ms)
				AfterProcessingInitializeOnLoad (7ms)
				EditorAssembliesLoaded (0ms)
			ExecutionOrderSort2 (0ms)
			AwakeInstancesAfterBackupRestoration (14ms)
Platform modules already initialized, skipping
Refreshing native plugins compatible for Editor in 0.99 ms, found 3 plugins.
Preloading 0 native plugins for Editor in 0.00 ms.
Unloading 4998 Unused Serialized files (Serialized files now loaded: 0)
Unloading 28 unused Assets / (310.1 KB). Loaded Objects now: 5859.
Memory consumption went from 206.7 MB to 206.4 MB.
Total: 4.053600 ms (FindLiveObjects: 0.469500 ms CreateObjectMapping: 0.381800 ms MarkObjects: 3.133900 ms  DeleteObjects: 0.067400 ms)

AssetImportParameters requested are different than current active one (requested -> active):
  custom:video-decoder-ogg-theora: a1e56fd34408186e4bbccfd4996cb3dc -> 
  custom:container-muxer-webm: aa71ff27fc2769a1b78a27578f13a17b -> 
  custom:container-demuxer-webm: 4f35f7cbe854078d1ac9338744f61a02 -> 
  custom:video-encoder-webm-vp8: eb34c28f22e8b96e1ab97ce403110664 -> 
  custom:video-codec-MediaFoundation-h265: 746d11721c4dcdbdad8f713fa42b33f4 -> 
  custom:audio-encoder-webm-vorbis: bf7c407c2cedff20999df2af8eb42d56 -> 
  custom:framework-win-MediaFoundation: 216162199b28c13a410421893ffa2e32 -> 
  custom:container-demuxer-ogg: 62fdf1f143b41e24485cea50d1cbac27 -> 
  custom:video-decoder-webm-vp8: 9c59270c3fd7afecdb556c50c9e8de78 -> 
  custom:audio-decoder-ogg-vorbis: bf7c407c2cedff20999df2af8eb42d56 -> 
========================================================================
Received Prepare
Registering precompiled user dll's ...
Registered in 0.007365 seconds.
Begin MonoManager ReloadAssembly
Symbol file LoadedFromMemory doesn't match image C:\Users\Thanos\Desktop\UnityProjects\GGJ_2022\Library\PackageCache\com.unity.visualscripting@1.7.5\Editor\VisualScripting.Core\Dependencies\YamlDotNet\Unity.VisualScripting.YamlDotNet.dll
Symbol file LoadedFromMemory doesn't match image C:\Users\Thanos\Desktop\UnityProjects\GGJ_2022\Library\PackageCache\com.unity.visualscripting@1.7.5\Editor\VisualScripting.Core\Dependencies\DotNetZip\Unity.VisualScripting.IonicZip.dll
Native extension for WindowsStandalone target not found
Refreshing native plugins compatible for Editor in 0.86 ms, found 3 plugins.
Preloading 0 native plugins for Editor in 0.00 ms.
Mono: successfully reloaded assembly
- Completed reload, in  1.118 seconds
Domain Reload Profiling:
	ReloadAssembly (1119ms)
		BeginReloadAssembly (127ms)
			ExecutionOrderSort (0ms)
			DisableScriptedObjects (7ms)
			BackupInstance (0ms)
			ReleaseScriptingObjects (0ms)
			CreateAndSetChildDomain (36ms)
		EndReloadAssembly (906ms)
			LoadAssemblies (75ms)
			RebuildTransferFunctionScriptingTraits (0ms)
			SetupTypeCache (276ms)
			ReleaseScriptCaches (2ms)
			RebuildScriptCaches (41ms)
			SetupLoadedEditorAssemblies (448ms)
				LogAssemblyErrors (0ms)
				InitializePlatformSupportModulesInManaged (10ms)
				SetLoadedEditorAssemblies (0ms)
				RefreshPlugins (1ms)
				BeforeProcessingInitializeOnLoad (77ms)
				ProcessInitializeOnLoadAttributes (293ms)
				ProcessInitializeOnLoadMethodAttributes (60ms)
				AfterProcessingInitializeOnLoad (7ms)
				EditorAssembliesLoaded (0ms)
			ExecutionOrderSort2 (0ms)
			AwakeInstancesAfterBackupRestoration (16ms)
Platform modules already initialized, skipping
Refreshing native plugins compatible for Editor in 1.05 ms, found 3 plugins.
Preloading 0 native plugins for Editor in 0.00 ms.
Unloading 4998 Unused Serialized files (Serialized files now loaded: 0)
Unloading 28 unused Assets / (310.0 KB). Loaded Objects now: 5861.
Memory consumption went from 206.5 MB to 206.2 MB.
Total: 6.012800 ms (FindLiveObjects: 0.925800 ms CreateObjectMapping: 0.466100 ms MarkObjects: 4.545900 ms  DeleteObjects: 0.073400 ms)

AssetImportParameters requested are different than current active one (requested -> active):
  custom:video-decoder-ogg-theora: a1e56fd34408186e4bbccfd4996cb3dc -> 
  custom:container-muxer-webm: aa71ff27fc2769a1b78a27578f13a17b -> 
  custom:container-demuxer-webm: 4f35f7cbe854078d1ac9338744f61a02 -> 
  custom:video-encoder-webm-vp8: eb34c28f22e8b96e1ab97ce403110664 -> 
  custom:video-codec-MediaFoundation-h265: 746d11721c4dcdbdad8f713fa42b33f4 -> 
  custom:audio-encoder-webm-vorbis: bf7c407c2cedff20999df2af8eb42d56 -> 
  custom:framework-win-MediaFoundation: 216162199b28c13a410421893ffa2e32 -> 
  custom:container-demuxer-ogg: 62fdf1f143b41e24485cea50d1cbac27 -> 
  custom:video-decoder-webm-vp8: 9c59270c3fd7afecdb556c50c9e8de78 -> 
  custom:audio-decoder-ogg-vorbis: bf7c407c2cedff20999df2af8eb42d56 -> 
========================================================================
Received Import Request.
  Time since last request: 128.179210 seconds.
  path: Assets/Scripts/LookAtTarget.cs
  artifactKey: Guid(59f246795bded9141b5d652dc88a092e) Importer(815301076,1909f56bfc062723c751e8b465ee728b)
Start importing Assets/Scripts/LookAtTarget.cs using Guid(59f246795bded9141b5d652dc88a092e) Importer(815301076,1909f56bfc062723c751e8b465ee728b)  -> (artifact id: 'c328443a7c70f3f4cc158b08bd9d70de') in 0.012136 seconds 
========================================================================
Received Prepare
Registering precompiled user dll's ...
Registered in 0.010579 seconds.
Begin MonoManager ReloadAssembly
Symbol file LoadedFromMemory doesn't match image C:\Users\Thanos\Desktop\UnityProjects\GGJ_2022\Library\PackageCache\com.unity.visualscripting@1.7.5\Editor\VisualScripting.Core\Dependencies\YamlDotNet\Unity.VisualScripting.YamlDotNet.dll
Symbol file LoadedFromMemory doesn't match image C:\Users\Thanos\Desktop\UnityProjects\GGJ_2022\Library\PackageCache\com.unity.visualscripting@1.7.5\Editor\VisualScripting.Core\Dependencies\DotNetZip\Unity.VisualScripting.IonicZip.dll
Native extension for WindowsStandalone target not found
Refreshing native plugins compatible for Editor in 0.96 ms, found 3 plugins.
Preloading 0 native plugins for Editor in 0.00 ms.
Mono: successfully reloaded assembly
- Completed reload, in  1.071 seconds
Domain Reload Profiling:
	ReloadAssembly (1072ms)
		BeginReloadAssembly (130ms)
			ExecutionOrderSort (0ms)
			DisableScriptedObjects (7ms)
			BackupInstance (0ms)
			ReleaseScriptingObjects (0ms)
			CreateAndSetChildDomain (34ms)
		EndReloadAssembly (857ms)
			LoadAssemblies (77ms)
			RebuildTransferFunctionScriptingTraits (0ms)
			SetupTypeCache (237ms)
			ReleaseScriptCaches (2ms)
			RebuildScriptCaches (40ms)
			SetupLoadedEditorAssemblies (442ms)
				LogAssemblyErrors (0ms)
				InitializePlatformSupportModulesInManaged (11ms)
				SetLoadedEditorAssemblies (0ms)
				RefreshPlugins (1ms)
				BeforeProcessingInitializeOnLoad (77ms)
				ProcessInitializeOnLoadAttributes (285ms)
				ProcessInitializeOnLoadMethodAttributes (60ms)
				AfterProcessingInitializeOnLoad (8ms)
				EditorAssembliesLoaded (0ms)
			ExecutionOrderSort2 (0ms)
			AwakeInstancesAfterBackupRestoration (14ms)
Platform modules already initialized, skipping
Refreshing native plugins compatible for Editor in 1.66 ms, found 3 plugins.
Preloading 0 native plugins for Editor in 0.00 ms.
Unloading 4998 Unused Serialized files (Serialized files now loaded: 0)
Unloading 28 unused Assets / (310.1 KB). Loaded Objects now: 5863.
Memory consumption went from 206.7 MB to 206.4 MB.
Total: 6.459500 ms (FindLiveObjects: 0.706200 ms CreateObjectMapping: 0.491500 ms MarkObjects: 5.169000 ms  DeleteObjects: 0.091300 ms)

AssetImportParameters requested are different than current active one (requested -> active):
  custom:video-decoder-ogg-theora: a1e56fd34408186e4bbccfd4996cb3dc -> 
  custom:container-muxer-webm: aa71ff27fc2769a1b78a27578f13a17b -> 
  custom:container-demuxer-webm: 4f35f7cbe854078d1ac9338744f61a02 -> 
  custom:video-encoder-webm-vp8: eb34c28f22e8b96e1ab97ce403110664 -> 
  custom:video-codec-MediaFoundation-h265: 746d11721c4dcdbdad8f713fa42b33f4 -> 
  custom:audio-encoder-webm-vorbis: bf7c407c2cedff20999df2af8eb42d56 -> 
  custom:framework-win-MediaFoundation: 216162199b28c13a410421893ffa2e32 -> 
  custom:container-demuxer-ogg: 62fdf1f143b41e24485cea50d1cbac27 -> 
  custom:video-decoder-webm-vp8: 9c59270c3fd7afecdb556c50c9e8de78 -> 
  custom:audio-decoder-ogg-vorbis: bf7c407c2cedff20999df2af8eb42d56 -> 
========================================================================
Received Import Request.
  Time since last request: 126.274824 seconds.
  path: Assets/Plugins
  artifactKey: Guid(b82f815b1eb44974ea20bd42a0f25867) Importer(815301076,1909f56bfc062723c751e8b465ee728b)
Start importing Assets/Plugins using Guid(b82f815b1eb44974ea20bd42a0f25867) Importer(815301076,1909f56bfc062723c751e8b465ee728b)  -> (artifact id: 'b3a94ab5ff0030d8f917f69cc337ffb3') in 0.014423 seconds 
========================================================================
Received Import Request.
  Time since last request: 1.172282 seconds.
  path: Assets/Prefabs/Enemy.prefab
  artifactKey: Guid(1ef4c0654e659334e9f9ec7b6c0d9ba9) Importer(815301076,1909f56bfc062723c751e8b465ee728b)
Start importing Assets/Prefabs/Enemy.prefab using Guid(1ef4c0654e659334e9f9ec7b6c0d9ba9) Importer(815301076,1909f56bfc062723c751e8b465ee728b)  -> (artifact id: '228b2293b69aa0fa1559c944744c1d9b') in 0.147216 seconds 
========================================================================
Received Prepare
Registering precompiled user dll's ...
Registered in 0.007655 seconds.
Begin MonoManager ReloadAssembly
Symbol file LoadedFromMemory doesn't match image C:\Users\Thanos\Desktop\UnityProjects\GGJ_2022\Library\PackageCache\com.unity.visualscripting@1.7.5\Editor\VisualScripting.Core\Dependencies\YamlDotNet\Unity.VisualScripting.YamlDotNet.dll
Symbol file LoadedFromMemory doesn't match image C:\Users\Thanos\Desktop\UnityProjects\GGJ_2022\Library\PackageCache\com.unity.visualscripting@1.7.5\Editor\VisualScripting.Core\Dependencies\DotNetZip\Unity.VisualScripting.IonicZip.dll
Native extension for WindowsStandalone target not found
Refreshing native plugins compatible for Editor in 0.90 ms, found 3 plugins.
Preloading 0 native plugins for Editor in 0.00 ms.
Mono: successfully reloaded assembly
- Completed reload, in  1.183 seconds
Domain Reload Profiling:
	ReloadAssembly (1184ms)
		BeginReloadAssembly (140ms)
			ExecutionOrderSort (0ms)
			DisableScriptedObjects (8ms)
			BackupInstance (0ms)
			ReleaseScriptingObjects (0ms)
			CreateAndSetChildDomain (43ms)
		EndReloadAssembly (957ms)
			LoadAssemblies (83ms)
			RebuildTransferFunctionScriptingTraits (0ms)
			SetupTypeCache (272ms)
			ReleaseScriptCaches (2ms)
			RebuildScriptCaches (41ms)
			SetupLoadedEditorAssemblies (489ms)
				LogAssemblyErrors (0ms)
				InitializePlatformSupportModulesInManaged (10ms)
				SetLoadedEditorAssemblies (0ms)
				RefreshPlugins (1ms)
				BeforeProcessingInitializeOnLoad (77ms)
				ProcessInitializeOnLoadAttributes (320ms)
				ProcessInitializeOnLoadMethodAttributes (72ms)
				AfterProcessingInitializeOnLoad (9ms)
				EditorAssembliesLoaded (0ms)
			ExecutionOrderSort2 (0ms)
			AwakeInstancesAfterBackupRestoration (18ms)
Platform modules already initialized, skipping
Refreshing native plugins compatible for Editor in 1.42 ms, found 3 plugins.
Preloading 0 native plugins for Editor in 0.00 ms.
Unloading 4998 Unused Serialized files (Serialized files now loaded: 0)
Unloading 28 unused Assets / (310.0 KB). Loaded Objects now: 5905.
Memory consumption went from 206.8 MB to 206.5 MB.
Total: 3.850200 ms (FindLiveObjects: 0.418500 ms CreateObjectMapping: 0.173600 ms MarkObjects: 3.190100 ms  DeleteObjects: 0.067000 ms)

AssetImportParameters requested are different than current active one (requested -> active):
  custom:video-decoder-ogg-theora: a1e56fd34408186e4bbccfd4996cb3dc -> 
  custom:container-muxer-webm: aa71ff27fc2769a1b78a27578f13a17b -> 
  custom:container-demuxer-webm: 4f35f7cbe854078d1ac9338744f61a02 -> 
  custom:video-encoder-webm-vp8: eb34c28f22e8b96e1ab97ce403110664 -> 
  custom:video-codec-MediaFoundation-h265: 746d11721c4dcdbdad8f713fa42b33f4 -> 
  custom:audio-encoder-webm-vorbis: bf7c407c2cedff20999df2af8eb42d56 -> 
  custom:framework-win-MediaFoundation: 216162199b28c13a410421893ffa2e32 -> 
  custom:container-demuxer-ogg: 62fdf1f143b41e24485cea50d1cbac27 -> 
  custom:video-decoder-webm-vp8: 9c59270c3fd7afecdb556c50c9e8de78 -> 
  custom:audio-decoder-ogg-vorbis: bf7c407c2cedff20999df2af8eb42d56 -> 
========================================================================
Received Import Request.
  Time since last request: 49.661170 seconds.
  path: Assets/Prefabs/Enemy.prefab
  artifactKey: Guid(1ef4c0654e659334e9f9ec7b6c0d9ba9) Importer(815301076,1909f56bfc062723c751e8b465ee728b)
Start importing Assets/Prefabs/Enemy.prefab using Guid(1ef4c0654e659334e9f9ec7b6c0d9ba9) Importer(815301076,1909f56bfc062723c751e8b465ee728b)  -> (artifact id: '608be5098d24df3439e2ff78bd130284') in 0.177801 seconds 
========================================================================
Received Import Request.
  Time since last request: 19.474123 seconds.
  path: Assets/Prefabs/Enemy.prefab
  artifactKey: Guid(1ef4c0654e659334e9f9ec7b6c0d9ba9) Importer(815301076,1909f56bfc062723c751e8b465ee728b)
Start importing Assets/Prefabs/Enemy.prefab using Guid(1ef4c0654e659334e9f9ec7b6c0d9ba9) Importer(815301076,1909f56bfc062723c751e8b465ee728b)  -> (artifact id: 'debaee82943ab782c64d718b7c98ba1d') in 0.013821 seconds 
========================================================================
Received Import Request.
  Time since last request: 3.205454 seconds.
  path: Assets/Prefabs/Enemy.prefab
  artifactKey: Guid(1ef4c0654e659334e9f9ec7b6c0d9ba9) Importer(815301076,1909f56bfc062723c751e8b465ee728b)
Start importing Assets/Prefabs/Enemy.prefab using Guid(1ef4c0654e659334e9f9ec7b6c0d9ba9) Importer(815301076,1909f56bfc062723c751e8b465ee728b)  -> (artifact id: '953ae50c3ed8330d4e97bb02d3c8f6a3') in 0.013997 seconds 
========================================================================
Received Import Request.
  Time since last request: 230.697202 seconds.
  path: Assets/Prefabs/Enemy.prefab
  artifactKey: Guid(1ef4c0654e659334e9f9ec7b6c0d9ba9) Importer(815301076,1909f56bfc062723c751e8b465ee728b)
Start importing Assets/Prefabs/Enemy.prefab using Guid(1ef4c0654e659334e9f9ec7b6c0d9ba9) Importer(815301076,1909f56bfc062723c751e8b465ee728b)  -> (artifact id: 'c4b98eeb6b49b8b8d17ad8319cb2766f') in 0.018450 seconds 
========================================================================
Received Import Request.
  Time since last request: 1.791111 seconds.
  path: Assets/Prefabs/Enemy.prefab
  artifactKey: Guid(1ef4c0654e659334e9f9ec7b6c0d9ba9) Importer(815301076,1909f56bfc062723c751e8b465ee728b)
Start importing Assets/Prefabs/Enemy.prefab using Guid(1ef4c0654e659334e9f9ec7b6c0d9ba9) Importer(815301076,1909f56bfc062723c751e8b465ee728b)  -> (artifact id: '2c39f9622bd89c5a819a0173aa7db5c9') in 0.013898 seconds 
========================================================================
Received Import Request.
  Time since last request: 229.774339 seconds.
  path: Assets/Prefabs/Enemy.prefab
  artifactKey: Guid(1ef4c0654e659334e9f9ec7b6c0d9ba9) Importer(815301076,1909f56bfc062723c751e8b465ee728b)
Start importing Assets/Prefabs/Enemy.prefab using Guid(1ef4c0654e659334e9f9ec7b6c0d9ba9) Importer(815301076,1909f56bfc062723c751e8b465ee728b)  -> (artifact id: '35d42c6ed3ab28eab2dc143e84b66991') in 0.022425 seconds 
========================================================================
Received Import Request.
  Time since last request: 10.960485 seconds.
  path: Assets/Prefabs/Enemy.prefab
  artifactKey: Guid(1ef4c0654e659334e9f9ec7b6c0d9ba9) Importer(815301076,1909f56bfc062723c751e8b465ee728b)
Start importing Assets/Prefabs/Enemy.prefab using Guid(1ef4c0654e659334e9f9ec7b6c0d9ba9) Importer(815301076,1909f56bfc062723c751e8b465ee728b)  -> (artifact id: 'ec58ae3be2a81115924928acc7879b2b') in 0.014533 seconds 
