Using pre-set license
Built from '2021.2/staging' branch; Version is '2021.2.6f1 (8c4e826ba445) revision 9195138'; Using compiler version '192829333'; Build Type 'Release'
OS: 'Windows 10  (10.0.19042) 64bit Professional' Language: 'en' Physical Memory: 32104 MB
BatchMode: 1, IsHumanControllingUs: 0, StartBugReporterOnCrash: 0, Is64bit: 1, IsPro: 0

COMMAND LINE ARGUMENTS:
C:\Program Files\Unity\Hub\Editor\2021.2.6f1\Editor\Unity.exe
-adb2
-batchMode
-noUpm
-name
AssetImportWorker4
-projectPath
C:/Users/Thanos/Desktop/UnityProjects/GGJ_2022
-logFile
Logs/AssetImportWorker4.log
-srvPort
50825
Successfully changed project path to: C:/Users/Thanos/Desktop/UnityProjects/GGJ_2022
C:/Users/Thanos/Desktop/UnityProjects/GGJ_2022
[UnityMemory] Configuration Parameters - Can be set up in boot.config
    "memorysetup-bucket-allocator-granularity=16"
    "memorysetup-bucket-allocator-bucket-count=8"
    "memorysetup-bucket-allocator-block-size=33554432"
    "memorysetup-bucket-allocator-block-count=8"
    "memorysetup-main-allocator-block-size=16777216"
    "memorysetup-thread-allocator-block-size=16777216"
    "memorysetup-gfx-main-allocator-block-size=16777216"
    "memorysetup-gfx-thread-allocator-block-size=16777216"
    "memorysetup-cache-allocator-block-size=4194304"
    "memorysetup-typetree-allocator-block-size=2097152"
    "memorysetup-profiler-bucket-allocator-granularity=16"
    "memorysetup-profiler-bucket-allocator-bucket-count=8"
    "memorysetup-profiler-bucket-allocator-block-size=33554432"
    "memorysetup-profiler-bucket-allocator-block-count=8"
    "memorysetup-profiler-allocator-block-size=16777216"
    "memorysetup-profiler-editor-allocator-block-size=1048576"
    "memorysetup-temp-allocator-size-main=16777216"
    "memorysetup-job-temp-allocator-block-size=2097152"
    "memorysetup-job-temp-allocator-block-size-background=1048576"
    "memorysetup-job-temp-allocator-reduction-small-platforms=262144"
    "memorysetup-temp-allocator-size-background-worker=32768"
    "memorysetup-temp-allocator-size-job-worker=262144"
    "memorysetup-temp-allocator-size-preload-manager=33554432"
    "memorysetup-temp-allocator-size-nav-mesh-worker=65536"
    "memorysetup-temp-allocator-size-audio-worker=65536"
    "memorysetup-temp-allocator-size-cloud-worker=32768"
    "memorysetup-temp-allocator-size-gi-baking-worker=262144"
    "memorysetup-temp-allocator-size-gfx=262144"
Refreshing native plugins compatible for Editor in 99.02 ms, found 3 plugins.
Preloading 0 native plugins for Editor in 0.00 ms.
Initialize engine version: 2021.2.6f1 (8c4e826ba445)
[Subsystems] Discovering subsystems at path C:/Program Files/Unity/Hub/Editor/2021.2.6f1/Editor/Data/Resources/UnitySubsystems
[Subsystems] Discovering subsystems at path C:/Users/Thanos/Desktop/UnityProjects/GGJ_2022/Assets
GfxDevice: creating device client; threaded=0; jobified=0
Direct3D:
    Version:  Direct3D 11.0 [level 11.1]
    Renderer: NVIDIA GeForce RTX 3070 Laptop GPU (ID=0x24dd)
    Vendor:   NVIDIA
    VRAM:     8044 MB
    Driver:   27.21.14.6685
Initialize mono
Mono path[0] = 'C:/Program Files/Unity/Hub/Editor/2021.2.6f1/Editor/Data/Managed'
Mono path[1] = 'C:/Program Files/Unity/Hub/Editor/2021.2.6f1/Editor/Data/MonoBleedingEdge/lib/mono/unityjit-win32'
Mono config path = 'C:/Program Files/Unity/Hub/Editor/2021.2.6f1/Editor/Data/MonoBleedingEdge/etc'
Using monoOptions --debugger-agent=transport=dt_socket,embedding=1,server=y,suspend=n,address=127.0.0.1:56600
Begin MonoManager ReloadAssembly
Registering precompiled unity dll's ...
Register platform support module: C:/Program Files/Unity/Hub/Editor/2021.2.6f1/Editor/Data/PlaybackEngines/WindowsStandaloneSupport/UnityEditor.WindowsStandalone.Extensions.dll
Registered in 0.006158 seconds.
Native extension for WindowsStandalone target not found
Refreshing native plugins compatible for Editor in 90.63 ms, found 3 plugins.
Preloading 0 native plugins for Editor in 0.00 ms.
Mono: successfully reloaded assembly
- Completed reload, in  0.534 seconds
Domain Reload Profiling:
	ReloadAssembly (535ms)
		BeginReloadAssembly (62ms)
			ExecutionOrderSort (0ms)
			DisableScriptedObjects (0ms)
			BackupInstance (0ms)
			ReleaseScriptingObjects (0ms)
			CreateAndSetChildDomain (1ms)
		EndReloadAssembly (408ms)
			LoadAssemblies (59ms)
			RebuildTransferFunctionScriptingTraits (0ms)
			SetupTypeCache (79ms)
			ReleaseScriptCaches (0ms)
			RebuildScriptCaches (21ms)
			SetupLoadedEditorAssemblies (264ms)
				LogAssemblyErrors (0ms)
				InitializePlatformSupportModulesInManaged (14ms)
				SetLoadedEditorAssemblies (0ms)
				RefreshPlugins (91ms)
				BeforeProcessingInitializeOnLoad (1ms)
				ProcessInitializeOnLoadAttributes (119ms)
				ProcessInitializeOnLoadMethodAttributes (39ms)
				AfterProcessingInitializeOnLoad (0ms)
				EditorAssembliesLoaded (0ms)
			ExecutionOrderSort2 (0ms)
			AwakeInstancesAfterBackupRestoration (0ms)
Platform modules already initialized, skipping
Registering precompiled user dll's ...
Registered in 0.007705 seconds.
Begin MonoManager ReloadAssembly
Symbol file LoadedFromMemory doesn't match image C:\Users\Thanos\Desktop\UnityProjects\GGJ_2022\Library\PackageCache\com.unity.visualscripting@1.7.5\Editor\VisualScripting.Core\Dependencies\YamlDotNet\Unity.VisualScripting.YamlDotNet.dll
Symbol file LoadedFromMemory doesn't match image C:\Users\Thanos\Desktop\UnityProjects\GGJ_2022\Library\PackageCache\com.unity.visualscripting@1.7.5\Editor\VisualScripting.Core\Dependencies\DotNetZip\Unity.VisualScripting.IonicZip.dll
Native extension for WindowsStandalone target not found
Refreshing native plugins compatible for Editor in 92.01 ms, found 3 plugins.
Preloading 0 native plugins for Editor in 0.00 ms.
Mono: successfully reloaded assembly
- Completed reload, in  1.518 seconds
Domain Reload Profiling:
	ReloadAssembly (1519ms)
		BeginReloadAssembly (95ms)
			ExecutionOrderSort (0ms)
			DisableScriptedObjects (5ms)
			BackupInstance (0ms)
			ReleaseScriptingObjects (0ms)
			CreateAndSetChildDomain (18ms)
		EndReloadAssembly (1341ms)
			LoadAssemblies (71ms)
			RebuildTransferFunctionScriptingTraits (0ms)
			SetupTypeCache (240ms)
			ReleaseScriptCaches (1ms)
			RebuildScriptCaches (50ms)
			SetupLoadedEditorAssemblies (942ms)
				LogAssemblyErrors (0ms)
				InitializePlatformSupportModulesInManaged (10ms)
				SetLoadedEditorAssemblies (0ms)
				RefreshPlugins (92ms)
				BeforeProcessingInitializeOnLoad (101ms)
				ProcessInitializeOnLoadAttributes (659ms)
				ProcessInitializeOnLoadMethodAttributes (72ms)
				AfterProcessingInitializeOnLoad (8ms)
				EditorAssembliesLoaded (0ms)
			ExecutionOrderSort2 (0ms)
			AwakeInstancesAfterBackupRestoration (5ms)
Platform modules already initialized, skipping
========================================================================
Worker process is ready to serve import requests
Launched and connected shader compiler UnityShaderCompiler.exe after 0.05 seconds
Refreshing native plugins compatible for Editor in 1.67 ms, found 3 plugins.
Preloading 0 native plugins for Editor in 0.00 ms.
Unloading 5132 Unused Serialized files (Serialized files now loaded: 0)
Unloading 40 unused Assets / (0.7 MB). Loaded Objects now: 5590.
Memory consumption went from 204.0 MB to 203.3 MB.
Total: 3.693000 ms (FindLiveObjects: 0.365000 ms CreateObjectMapping: 0.138900 ms MarkObjects: 2.904900 ms  DeleteObjects: 0.282900 ms)

AssetImportParameters requested are different than current active one (requested -> active):
  custom:video-decoder-ogg-theora: a1e56fd34408186e4bbccfd4996cb3dc -> 
  custom:container-muxer-webm: aa71ff27fc2769a1b78a27578f13a17b -> 
  custom:container-demuxer-webm: 4f35f7cbe854078d1ac9338744f61a02 -> 
  custom:video-encoder-webm-vp8: eb34c28f22e8b96e1ab97ce403110664 -> 
  custom:video-codec-MediaFoundation-h265: 746d11721c4dcdbdad8f713fa42b33f4 -> 
  custom:audio-encoder-webm-vorbis: bf7c407c2cedff20999df2af8eb42d56 -> 
  custom:framework-win-MediaFoundation: 216162199b28c13a410421893ffa2e32 -> 
  custom:container-demuxer-ogg: 62fdf1f143b41e24485cea50d1cbac27 -> 
  custom:video-decoder-webm-vp8: 9c59270c3fd7afecdb556c50c9e8de78 -> 
  custom:audio-decoder-ogg-vorbis: bf7c407c2cedff20999df2af8eb42d56 -> 
========================================================================
Received Import Request.
  Time since last request: 788253.266726 seconds.
  path: Assets/Shapeforms Audio Free Sound Effects/Cassette Preview
  artifactKey: Guid(b18a755b033884e27a3bdf8a7caca43b) Importer(815301076,1909f56bfc062723c751e8b465ee728b)
Start importing Assets/Shapeforms Audio Free Sound Effects/Cassette Preview using Guid(b18a755b033884e27a3bdf8a7caca43b) Importer(815301076,1909f56bfc062723c751e8b465ee728b)  -> (artifact id: '2aa67d72b2ea04a40a236863867e03f9') in 0.013381 seconds 
========================================================================
Received Import Request.
  Time since last request: 0.478303 seconds.
  path: Assets/Shapeforms Audio Free Sound Effects/Documentation
  artifactKey: Guid(6fbbef77aaa3c4e70ba5f23f10e850bd) Importer(815301076,1909f56bfc062723c751e8b465ee728b)
Start importing Assets/Shapeforms Audio Free Sound Effects/Documentation using Guid(6fbbef77aaa3c4e70ba5f23f10e850bd) Importer(815301076,1909f56bfc062723c751e8b465ee728b)  -> (artifact id: '4b20a795e09b5434d5e2d30c47bd9f31') in 0.005324 seconds 
========================================================================
Received Import Request.
  Time since last request: 0.322971 seconds.
  path: Assets/Shapeforms Audio Free Sound Effects/Dystopia – Ambience and Drone Preview
  artifactKey: Guid(c9e1ce91bdc42401592009d71745330e) Importer(815301076,1909f56bfc062723c751e8b465ee728b)
Start importing Assets/Shapeforms Audio Free Sound Effects/Dystopia – Ambience and Drone Preview using Guid(c9e1ce91bdc42401592009d71745330e) Importer(815301076,1909f56bfc062723c751e8b465ee728b)  -> (artifact id: 'c2f6e50a35914465e3e219897c2910fa') in 0.005911 seconds 
========================================================================
Received Import Request.
  Time since last request: 0.356924 seconds.
  path: Assets/Shapeforms Audio Free Sound Effects/Hit and Punch Preview
  artifactKey: Guid(368368a68bf104f5d8a1b9cc65e442f6) Importer(815301076,1909f56bfc062723c751e8b465ee728b)
Start importing Assets/Shapeforms Audio Free Sound Effects/Hit and Punch Preview using Guid(368368a68bf104f5d8a1b9cc65e442f6) Importer(815301076,1909f56bfc062723c751e8b465ee728b)  -> (artifact id: '64490f1ea30a325e735e5ae1bc92c1fb') in 0.006138 seconds 
========================================================================
Received Import Request.
  Time since last request: 0.841939 seconds.
  path: Assets/Shapeforms Audio Free Sound Effects/Hit and Punch Preview/AUDIO
  artifactKey: Guid(675755b0f8c3d4eee8a082b0ab2442be) Importer(815301076,1909f56bfc062723c751e8b465ee728b)
Start importing Assets/Shapeforms Audio Free Sound Effects/Hit and Punch Preview/AUDIO using Guid(675755b0f8c3d4eee8a082b0ab2442be) Importer(815301076,1909f56bfc062723c751e8b465ee728b)  -> (artifact id: '35ef7e83ea929d963b49503f37bc48bd') in 0.001995 seconds 
========================================================================
Received Import Request.
  Time since last request: 0.055609 seconds.
  path: Assets/Shapeforms Audio Free Sound Effects/Hit and Punch Preview/AUDIO/CLOTHING_MATERIAL_MOVEMENT_01.wav
  artifactKey: Guid(c0ac8cb41ea41403c8ba98147d940a75) Importer(815301076,1909f56bfc062723c751e8b465ee728b)
Start importing Assets/Shapeforms Audio Free Sound Effects/Hit and Punch Preview/AUDIO/CLOTHING_MATERIAL_MOVEMENT_01.wav using Guid(c0ac8cb41ea41403c8ba98147d940a75) Importer(815301076,1909f56bfc062723c751e8b465ee728b)  -> (artifact id: 'db73872f20047463e9d37c9b9af78207') in 0.092370 seconds 
========================================================================
Received Import Request.
  Time since last request: 0.000022 seconds.
  path: Assets/Shapeforms Audio Free Sound Effects/Hit and Punch Preview/AUDIO/PUNCH_DESIGNED_HEAVY_86.wav
  artifactKey: Guid(c47f17948f55d41c5876af88204e7f46) Importer(815301076,1909f56bfc062723c751e8b465ee728b)
Start importing Assets/Shapeforms Audio Free Sound Effects/Hit and Punch Preview/AUDIO/PUNCH_DESIGNED_HEAVY_86.wav using Guid(c47f17948f55d41c5876af88204e7f46) Importer(815301076,1909f56bfc062723c751e8b465ee728b)  -> (artifact id: '873989daea3e104416825e2d002589c1') in 0.014421 seconds 
========================================================================
Received Import Request.
  Time since last request: 0.000024 seconds.
  path: Assets/Shapeforms Audio Free Sound Effects/Hit and Punch Preview/AUDIO/PUNCH_ELECTRIC_HEAVY_02.wav
  artifactKey: Guid(e5f93a5297603479283f5159748502b0) Importer(815301076,1909f56bfc062723c751e8b465ee728b)
Start importing Assets/Shapeforms Audio Free Sound Effects/Hit and Punch Preview/AUDIO/PUNCH_ELECTRIC_HEAVY_02.wav using Guid(e5f93a5297603479283f5159748502b0) Importer(815301076,1909f56bfc062723c751e8b465ee728b)  -> (artifact id: '4989855220ae54fcdff85a00ba016511') in 0.017161 seconds 
========================================================================
Received Import Request.
  Time since last request: 0.000016 seconds.
  path: Assets/Shapeforms Audio Free Sound Effects/Hit and Punch Preview/AUDIO/PUNCH_PERCUSSIVE_HEAVY_08.wav
  artifactKey: Guid(11c07a2f183894950b7b881a1fb66331) Importer(815301076,1909f56bfc062723c751e8b465ee728b)
Start importing Assets/Shapeforms Audio Free Sound Effects/Hit and Punch Preview/AUDIO/PUNCH_PERCUSSIVE_HEAVY_08.wav using Guid(11c07a2f183894950b7b881a1fb66331) Importer(815301076,1909f56bfc062723c751e8b465ee728b)  -> (artifact id: '9d2dc02c7abdb4c75a17722d0e04607f') in 0.013298 seconds 
========================================================================
Received Import Request.
  Time since last request: 0.000041 seconds.
  path: Assets/Shapeforms Audio Free Sound Effects/Hit and Punch Preview/AUDIO/PUNCH_INTENSE_HEAVY_03.wav
  artifactKey: Guid(8a8ffe43c3c0f40a5a6fa21393fd52cf) Importer(815301076,1909f56bfc062723c751e8b465ee728b)
Start importing Assets/Shapeforms Audio Free Sound Effects/Hit and Punch Preview/AUDIO/PUNCH_INTENSE_HEAVY_03.wav using Guid(8a8ffe43c3c0f40a5a6fa21393fd52cf) Importer(815301076,1909f56bfc062723c751e8b465ee728b)  -> (artifact id: 'ad3c395dd284826f7e1d894e9cf1a089') in 0.018207 seconds 
========================================================================
Received Import Request.
  Time since last request: 11.763407 seconds.
  path: Assets/Shapeforms Audio Free Sound Effects/Sci Fi Weapons Cyberpunk Arsenal Preview
  artifactKey: Guid(015e34da2bb70455995a53eae16cfaa5) Importer(815301076,1909f56bfc062723c751e8b465ee728b)
Start importing Assets/Shapeforms Audio Free Sound Effects/Sci Fi Weapons Cyberpunk Arsenal Preview using Guid(015e34da2bb70455995a53eae16cfaa5) Importer(815301076,1909f56bfc062723c751e8b465ee728b)  -> (artifact id: '821a2977762c62ccb6639141291d6e5c') in 0.005625 seconds 
========================================================================
Received Import Request.
  Time since last request: 0.590989 seconds.
  path: Assets/Shapeforms Audio Free Sound Effects/Sci Fi Weapons Cyberpunk Arsenal Preview/AUDIO
  artifactKey: Guid(f070f279fc84b427681c9d3043226045) Importer(815301076,1909f56bfc062723c751e8b465ee728b)
Start importing Assets/Shapeforms Audio Free Sound Effects/Sci Fi Weapons Cyberpunk Arsenal Preview/AUDIO using Guid(f070f279fc84b427681c9d3043226045) Importer(815301076,1909f56bfc062723c751e8b465ee728b)  -> (artifact id: '98f29d2a2620d59547b1b90c4400226b') in 0.001979 seconds 
========================================================================
Received Import Request.
  Time since last request: 0.046249 seconds.
  path: Assets/Shapeforms Audio Free Sound Effects/Sci Fi Weapons Cyberpunk Arsenal Preview/AUDIO/ANMLBat_Creature Vocalisation_01.wav
  artifactKey: Guid(981194f4f58b449efba499760ec29256) Importer(815301076,1909f56bfc062723c751e8b465ee728b)
Start importing Assets/Shapeforms Audio Free Sound Effects/Sci Fi Weapons Cyberpunk Arsenal Preview/AUDIO/ANMLBat_Creature Vocalisation_01.wav using Guid(981194f4f58b449efba499760ec29256) Importer(815301076,1909f56bfc062723c751e8b465ee728b)  -> (artifact id: '4271ae9d68b64456969cde00585be28f') in 0.029074 seconds 
========================================================================
Received Import Request.
  Time since last request: 0.000014 seconds.
  path: Assets/Shapeforms Audio Free Sound Effects/Sci Fi Weapons Cyberpunk Arsenal Preview/AUDIO/LASRGun_Particle Compressor Fire_01.wav
  artifactKey: Guid(aeff979cceb2c4e8598eeb0500112a13) Importer(815301076,1909f56bfc062723c751e8b465ee728b)
Start importing Assets/Shapeforms Audio Free Sound Effects/Sci Fi Weapons Cyberpunk Arsenal Preview/AUDIO/LASRGun_Particle Compressor Fire_01.wav using Guid(aeff979cceb2c4e8598eeb0500112a13) Importer(815301076,1909f56bfc062723c751e8b465ee728b)  -> (artifact id: '871e9975edc5fba4a621bf8b8a2b20c9') in 0.012939 seconds 
========================================================================
Received Import Request.
  Time since last request: 0.000020 seconds.
  path: Assets/Shapeforms Audio Free Sound Effects/Sci Fi Weapons Cyberpunk Arsenal Preview/AUDIO/LASRGun_Electron Impeller Charged Fire_02.wav
  artifactKey: Guid(46e4002e4b6074361a58bbd232a2cfd5) Importer(815301076,1909f56bfc062723c751e8b465ee728b)
Start importing Assets/Shapeforms Audio Free Sound Effects/Sci Fi Weapons Cyberpunk Arsenal Preview/AUDIO/LASRGun_Electron Impeller Charged Fire_02.wav using Guid(46e4002e4b6074361a58bbd232a2cfd5) Importer(815301076,1909f56bfc062723c751e8b465ee728b)  -> (artifact id: 'a5a17a0c65e142f93a6a66cee668742e') in 0.014174 seconds 
========================================================================
Received Import Request.
  Time since last request: 0.000020 seconds.
  path: Assets/Shapeforms Audio Free Sound Effects/Sci Fi Weapons Cyberpunk Arsenal Preview/AUDIO/GUNPis_Pistol Fire Longer Tail_05.wav
  artifactKey: Guid(81764b23e5b364bcdbebf662664d45f4) Importer(815301076,1909f56bfc062723c751e8b465ee728b)
Start importing Assets/Shapeforms Audio Free Sound Effects/Sci Fi Weapons Cyberpunk Arsenal Preview/AUDIO/GUNPis_Pistol Fire Longer Tail_05.wav using Guid(81764b23e5b364bcdbebf662664d45f4) Importer(815301076,1909f56bfc062723c751e8b465ee728b)  -> (artifact id: '5bcaff4f9adb7789331cb0607540b36f') in 0.013894 seconds 
========================================================================
Received Import Request.
  Time since last request: 0.000025 seconds.
  path: Assets/Shapeforms Audio Free Sound Effects/Sci Fi Weapons Cyberpunk Arsenal Preview/AUDIO/LASRGun_Electron Impeller Fire_07.wav
  artifactKey: Guid(4139162f635014b5db7fdb69147ad0f8) Importer(815301076,1909f56bfc062723c751e8b465ee728b)
Start importing Assets/Shapeforms Audio Free Sound Effects/Sci Fi Weapons Cyberpunk Arsenal Preview/AUDIO/LASRGun_Electron Impeller Fire_07.wav using Guid(4139162f635014b5db7fdb69147ad0f8) Importer(815301076,1909f56bfc062723c751e8b465ee728b)  -> (artifact id: 'de443509d14c0fc2eb70aa007064575c') in 0.014000 seconds 
========================================================================
Received Import Request.
  Time since last request: 0.000019 seconds.
  path: Assets/Shapeforms Audio Free Sound Effects/Sci Fi Weapons Cyberpunk Arsenal Preview/AUDIO/EXPLDsgn_Explosion Rumble Distorted_01.wav
  artifactKey: Guid(d1f2477ca0d094c828b805f8745c21be) Importer(815301076,1909f56bfc062723c751e8b465ee728b)
Start importing Assets/Shapeforms Audio Free Sound Effects/Sci Fi Weapons Cyberpunk Arsenal Preview/AUDIO/EXPLDsgn_Explosion Rumble Distorted_01.wav using Guid(d1f2477ca0d094c828b805f8745c21be) Importer(815301076,1909f56bfc062723c751e8b465ee728b)  -> (artifact id: '9553bc040124850dd0be1b130329e0b8') in 0.014813 seconds 
========================================================================
Received Import Request.
  Time since last request: 0.000018 seconds.
  path: Assets/Shapeforms Audio Free Sound Effects/Sci Fi Weapons Cyberpunk Arsenal Preview/AUDIO/GUNMech_Scope Deactivate_06.wav
  artifactKey: Guid(dd0028d2068774a9a958d1174bddee3f) Importer(815301076,1909f56bfc062723c751e8b465ee728b)
Start importing Assets/Shapeforms Audio Free Sound Effects/Sci Fi Weapons Cyberpunk Arsenal Preview/AUDIO/GUNMech_Scope Deactivate_06.wav using Guid(dd0028d2068774a9a958d1174bddee3f) Importer(815301076,1909f56bfc062723c751e8b465ee728b)  -> (artifact id: 'b807eea537ff29a5e2deeef63ac01910') in 0.013682 seconds 
========================================================================
Received Import Request.
  Time since last request: 0.000026 seconds.
  path: Assets/Shapeforms Audio Free Sound Effects/Sci Fi Weapons Cyberpunk Arsenal Preview/AUDIO/GUNAuto_Sci Fi Shotgun Burst_03.wav
  artifactKey: Guid(605b56ec45cac44ca9e89ab50b38880d) Importer(815301076,1909f56bfc062723c751e8b465ee728b)
Start importing Assets/Shapeforms Audio Free Sound Effects/Sci Fi Weapons Cyberpunk Arsenal Preview/AUDIO/GUNAuto_Sci Fi Shotgun Burst_03.wav using Guid(605b56ec45cac44ca9e89ab50b38880d) Importer(815301076,1909f56bfc062723c751e8b465ee728b)  -> (artifact id: '4ef1496e4b3fa4eb27bbb5afe037fadd') in 0.015050 seconds 
========================================================================
Received Import Request.
  Time since last request: 0.000019 seconds.
  path: Assets/Shapeforms Audio Free Sound Effects/Sci Fi Weapons Cyberpunk Arsenal Preview/AUDIO/BLLTShel_Shell Eject_02.wav
  artifactKey: Guid(3e8309c4fa8f04d34a29bfad612312b9) Importer(815301076,1909f56bfc062723c751e8b465ee728b)
Start importing Assets/Shapeforms Audio Free Sound Effects/Sci Fi Weapons Cyberpunk Arsenal Preview/AUDIO/BLLTShel_Shell Eject_02.wav using Guid(3e8309c4fa8f04d34a29bfad612312b9) Importer(815301076,1909f56bfc062723c751e8b465ee728b)  -> (artifact id: '2aa503bf2310aa34a5788e41753fcb78') in 0.014790 seconds 
========================================================================
Received Import Request.
  Time since last request: 0.000024 seconds.
  path: Assets/Shapeforms Audio Free Sound Effects/Sci Fi Weapons Cyberpunk Arsenal Preview/AUDIO/BLLTImpt_Hit Marker_07.wav
  artifactKey: Guid(07e17c040baac49bfbab34e436244b01) Importer(815301076,1909f56bfc062723c751e8b465ee728b)
Start importing Assets/Shapeforms Audio Free Sound Effects/Sci Fi Weapons Cyberpunk Arsenal Preview/AUDIO/BLLTImpt_Hit Marker_07.wav using Guid(07e17c040baac49bfbab34e436244b01) Importer(815301076,1909f56bfc062723c751e8b465ee728b)  -> (artifact id: '57da7b734c1ce2601e82395ea0446c90') in 0.013643 seconds 
========================================================================
Received Import Request.
  Time since last request: 0.000022 seconds.
  path: Assets/Shapeforms Audio Free Sound Effects/Sci Fi Weapons Cyberpunk Arsenal Preview/AUDIO/LASRBeam_Plasma Loop_01.wav
  artifactKey: Guid(b47937426fd334cbb9bcd463e67e5744) Importer(815301076,1909f56bfc062723c751e8b465ee728b)
Start importing Assets/Shapeforms Audio Free Sound Effects/Sci Fi Weapons Cyberpunk Arsenal Preview/AUDIO/LASRBeam_Plasma Loop_01.wav using Guid(b47937426fd334cbb9bcd463e67e5744) Importer(815301076,1909f56bfc062723c751e8b465ee728b)  -> (artifact id: '1fb2e2bffa6c4b2bcff66f858ca7d255') in 0.013843 seconds 
========================================================================
Received Import Request.
  Time since last request: 0.000022 seconds.
  path: Assets/Shapeforms Audio Free Sound Effects/Sci Fi Weapons Cyberpunk Arsenal Preview/AUDIO/EXPLDsgn_Implode_15.wav
  artifactKey: Guid(bca37a64604704def8659e7c2769936d) Importer(815301076,1909f56bfc062723c751e8b465ee728b)
Start importing Assets/Shapeforms Audio Free Sound Effects/Sci Fi Weapons Cyberpunk Arsenal Preview/AUDIO/EXPLDsgn_Implode_15.wav using Guid(bca37a64604704def8659e7c2769936d) Importer(815301076,1909f56bfc062723c751e8b465ee728b)  -> (artifact id: '724358a4b1ef94d3d7e14b4e8b3685af') in 0.013175 seconds 
========================================================================
Received Import Request.
  Time since last request: 4.095824 seconds.
  path: Assets/Shapeforms Audio Free Sound Effects/Sci Fi Weapons Cyberpunk Arsenal Preview/AUDIO/SCIMisc_Arm Weapon Heavy_01.wav
  artifactKey: Guid(a1e03f0a0492b425a95c51529467e09d) Importer(815301076,1909f56bfc062723c751e8b465ee728b)
Start importing Assets/Shapeforms Audio Free Sound Effects/Sci Fi Weapons Cyberpunk Arsenal Preview/AUDIO/SCIMisc_Arm Weapon Heavy_01.wav using Guid(a1e03f0a0492b425a95c51529467e09d) Importer(815301076,1909f56bfc062723c751e8b465ee728b)  -> (artifact id: 'bc5163266c4a6af0b6a3e984bcf91905') in 0.017766 seconds 
========================================================================
Received Import Request.
  Time since last request: 46.199488 seconds.
  path: Assets/Shapeforms Audio Free Sound Effects/The Mint – Coins and Money Preview
  artifactKey: Guid(c3858a26c5828445a8715486c11e3e06) Importer(815301076,1909f56bfc062723c751e8b465ee728b)
Start importing Assets/Shapeforms Audio Free Sound Effects/The Mint – Coins and Money Preview using Guid(c3858a26c5828445a8715486c11e3e06) Importer(815301076,1909f56bfc062723c751e8b465ee728b)  -> (artifact id: '13999ab25b7c31aac927b76c71c31dd8') in 0.006845 seconds 
========================================================================
Received Import Request.
  Time since last request: 0.790219 seconds.
  path: Assets/Shapeforms Audio Free Sound Effects/The Mint – Coins and Money Preview/AUDIO
  artifactKey: Guid(cbbbe2b74b4ab4e3f8388abdd95dac46) Importer(815301076,1909f56bfc062723c751e8b465ee728b)
Start importing Assets/Shapeforms Audio Free Sound Effects/The Mint – Coins and Money Preview/AUDIO using Guid(cbbbe2b74b4ab4e3f8388abdd95dac46) Importer(815301076,1909f56bfc062723c751e8b465ee728b)  -> (artifact id: '8c456b9c44ab2901dd4d30adfa043f89') in 0.002031 seconds 
========================================================================
Received Import Request.
  Time since last request: 0.051396 seconds.
  path: Assets/Shapeforms Audio Free Sound Effects/The Mint – Coins and Money Preview/AUDIO/Bank Card Placed Down 03.wav
  artifactKey: Guid(04a08498de4804732a12c93fd4a6380e) Importer(815301076,1909f56bfc062723c751e8b465ee728b)
Start importing Assets/Shapeforms Audio Free Sound Effects/The Mint – Coins and Money Preview/AUDIO/Bank Card Placed Down 03.wav using Guid(04a08498de4804732a12c93fd4a6380e) Importer(815301076,1909f56bfc062723c751e8b465ee728b)  -> (artifact id: '3f20e1c68488d98c3976221f379efc5c') in 0.017842 seconds 
========================================================================
Received Import Request.
  Time since last request: 0.000018 seconds.
  path: Assets/Shapeforms Audio Free Sound Effects/The Mint – Coins and Money Preview/AUDIO/Receipt Handled 03.wav
  artifactKey: Guid(a70f4e4e209224b179568f3592318309) Importer(815301076,1909f56bfc062723c751e8b465ee728b)
Start importing Assets/Shapeforms Audio Free Sound Effects/The Mint – Coins and Money Preview/AUDIO/Receipt Handled 03.wav using Guid(a70f4e4e209224b179568f3592318309) Importer(815301076,1909f56bfc062723c751e8b465ee728b)  -> (artifact id: '1a0eb34fe73b8ac2140763718afa10d3') in 0.015024 seconds 
========================================================================
Received Import Request.
  Time since last request: 0.000023 seconds.
  path: Assets/Shapeforms Audio Free Sound Effects/The Mint – Coins and Money Preview/AUDIO/Coin Hardcover Spin Loop.wav
  artifactKey: Guid(8caee2ee6509349a89060e08c1b861a9) Importer(815301076,1909f56bfc062723c751e8b465ee728b)
Start importing Assets/Shapeforms Audio Free Sound Effects/The Mint – Coins and Money Preview/AUDIO/Coin Hardcover Spin Loop.wav using Guid(8caee2ee6509349a89060e08c1b861a9) Importer(815301076,1909f56bfc062723c751e8b465ee728b)  -> (artifact id: '84ca9968d66a30dc500dbb9e8f9dde26') in 0.018323 seconds 
========================================================================
Received Import Request.
  Time since last request: 23.883006 seconds.
  path: Assets/Shapeforms Audio Free Sound Effects/Cassette Preview/AUDIO
  artifactKey: Guid(ef278dabd380d4784a4db67aeaa49651) Importer(815301076,1909f56bfc062723c751e8b465ee728b)
Start importing Assets/Shapeforms Audio Free Sound Effects/Cassette Preview/AUDIO using Guid(ef278dabd380d4784a4db67aeaa49651) Importer(815301076,1909f56bfc062723c751e8b465ee728b)  -> (artifact id: '453ae910dcf50b107eeeb6f8c88e3b59') in 0.002215 seconds 
========================================================================
Received Import Request.
  Time since last request: 0.071092 seconds.
  path: Assets/Shapeforms Audio Free Sound Effects/Cassette Preview/AUDIO/BUTTON_03.wav
  artifactKey: Guid(6b872a5c2f1a84f639ec3e0b0071d301) Importer(815301076,1909f56bfc062723c751e8b465ee728b)
Start importing Assets/Shapeforms Audio Free Sound Effects/Cassette Preview/AUDIO/BUTTON_03.wav using Guid(6b872a5c2f1a84f639ec3e0b0071d301) Importer(815301076,1909f56bfc062723c751e8b465ee728b)  -> (artifact id: '6ffe45afc80c2c79ab0dc52e544422ab') in 0.028302 seconds 
========================================================================
Received Import Request.
  Time since last request: 0.000024 seconds.
  path: Assets/Shapeforms Audio Free Sound Effects/Cassette Preview/AUDIO/REMOVE_CASSETTE_07.wav
  artifactKey: Guid(adf8eea18cb5e47eb95c7c80d6c21366) Importer(815301076,1909f56bfc062723c751e8b465ee728b)
Start importing Assets/Shapeforms Audio Free Sound Effects/Cassette Preview/AUDIO/REMOVE_CASSETTE_07.wav using Guid(adf8eea18cb5e47eb95c7c80d6c21366) Importer(815301076,1909f56bfc062723c751e8b465ee728b)  -> (artifact id: '1edabe1059d98ab6901ebb532fe62fb8') in 0.012974 seconds 
========================================================================
Received Import Request.
  Time since last request: 0.000029 seconds.
  path: Assets/Shapeforms Audio Free Sound Effects/Cassette Preview/AUDIO/CASSETTE_RATTLE_20.wav
  artifactKey: Guid(8db5629cc770f4cb9a8dbf720fadb6bb) Importer(815301076,1909f56bfc062723c751e8b465ee728b)
Start importing Assets/Shapeforms Audio Free Sound Effects/Cassette Preview/AUDIO/CASSETTE_RATTLE_20.wav using Guid(8db5629cc770f4cb9a8dbf720fadb6bb) Importer(815301076,1909f56bfc062723c751e8b465ee728b)  -> (artifact id: '1086f814855096a6bfe27cdd4b845ae4') in 0.012582 seconds 
========================================================================
Received Import Request.
  Time since last request: 0.000034 seconds.
  path: Assets/Shapeforms Audio Free Sound Effects/Cassette Preview/AUDIO/EMF_TAPE_RECORDING_06.wav
  artifactKey: Guid(b6968f1807cdb40af9533cf7bc1e5e7f) Importer(815301076,1909f56bfc062723c751e8b465ee728b)
Start importing Assets/Shapeforms Audio Free Sound Effects/Cassette Preview/AUDIO/EMF_TAPE_RECORDING_06.wav using Guid(b6968f1807cdb40af9533cf7bc1e5e7f) Importer(815301076,1909f56bfc062723c751e8b465ee728b)  -> (artifact id: '25f4b277190d320664d46615a60f9dee') in 0.012708 seconds 
========================================================================
Received Import Request.
  Time since last request: 12.148321 seconds.
  path: Assets/Shapeforms Audio Free Sound Effects/Dystopia – Ambience and Drone Preview/AUDIO
  artifactKey: Guid(c4b2d7258c516493e9e8421fe85b4d4f) Importer(815301076,1909f56bfc062723c751e8b465ee728b)
Start importing Assets/Shapeforms Audio Free Sound Effects/Dystopia – Ambience and Drone Preview/AUDIO using Guid(c4b2d7258c516493e9e8421fe85b4d4f) Importer(815301076,1909f56bfc062723c751e8b465ee728b)  -> (artifact id: 'f87f857589a8b931652d09f286969ded') in 0.002288 seconds 
========================================================================
Received Import Request.
  Time since last request: 0.069929 seconds.
  path: Assets/Shapeforms Audio Free Sound Effects/Dystopia – Ambience and Drone Preview/AUDIO/AMBIENCE_HEARTBEAT_LOOP.wav
  artifactKey: Guid(ec8385887bb6b4314bafca94c477199e) Importer(815301076,1909f56bfc062723c751e8b465ee728b)
Start importing Assets/Shapeforms Audio Free Sound Effects/Dystopia – Ambience and Drone Preview/AUDIO/AMBIENCE_HEARTBEAT_LOOP.wav using Guid(ec8385887bb6b4314bafca94c477199e) Importer(815301076,1909f56bfc062723c751e8b465ee728b)  -> (artifact id: 'd5513f9529698672adfce7a9bffa0e20') in 0.015424 seconds 
========================================================================
Received Import Request.
  Time since last request: 0.000020 seconds.
  path: Assets/Shapeforms Audio Free Sound Effects/Dystopia – Ambience and Drone Preview/AUDIO/ONE_SHOT_SPACE_TEAR.wav
  artifactKey: Guid(5a88f32090626429cb403d0e923d127a) Importer(815301076,1909f56bfc062723c751e8b465ee728b)
Start importing Assets/Shapeforms Audio Free Sound Effects/Dystopia – Ambience and Drone Preview/AUDIO/ONE_SHOT_SPACE_TEAR.wav using Guid(5a88f32090626429cb403d0e923d127a) Importer(815301076,1909f56bfc062723c751e8b465ee728b)  -> (artifact id: '20811659def04dc1c4553cc395f1e641') in 0.068652 seconds 
========================================================================
Received Prepare
Registering precompiled user dll's ...
Registered in 0.007183 seconds.
Begin MonoManager ReloadAssembly
Symbol file LoadedFromMemory doesn't match image C:\Users\Thanos\Desktop\UnityProjects\GGJ_2022\Library\PackageCache\com.unity.visualscripting@1.7.5\Editor\VisualScripting.Core\Dependencies\YamlDotNet\Unity.VisualScripting.YamlDotNet.dll
Symbol file LoadedFromMemory doesn't match image C:\Users\Thanos\Desktop\UnityProjects\GGJ_2022\Library\PackageCache\com.unity.visualscripting@1.7.5\Editor\VisualScripting.Core\Dependencies\DotNetZip\Unity.VisualScripting.IonicZip.dll
Native extension for WindowsStandalone target not found
Refreshing native plugins compatible for Editor in 0.93 ms, found 3 plugins.
Preloading 0 native plugins for Editor in 0.00 ms.
Mono: successfully reloaded assembly
- Completed reload, in  1.029 seconds
Domain Reload Profiling:
	ReloadAssembly (1029ms)
		BeginReloadAssembly (125ms)
			ExecutionOrderSort (0ms)
			DisableScriptedObjects (6ms)
			BackupInstance (0ms)
			ReleaseScriptingObjects (0ms)
			CreateAndSetChildDomain (39ms)
		EndReloadAssembly (826ms)
			LoadAssemblies (73ms)
			RebuildTransferFunctionScriptingTraits (0ms)
			SetupTypeCache (236ms)
			ReleaseScriptCaches (2ms)
			RebuildScriptCaches (39ms)
			SetupLoadedEditorAssemblies (428ms)
				LogAssemblyErrors (0ms)
				InitializePlatformSupportModulesInManaged (11ms)
				SetLoadedEditorAssemblies (0ms)
				RefreshPlugins (1ms)
				BeforeProcessingInitializeOnLoad (76ms)
				ProcessInitializeOnLoadAttributes (275ms)
				ProcessInitializeOnLoadMethodAttributes (58ms)
				AfterProcessingInitializeOnLoad (7ms)
				EditorAssembliesLoaded (0ms)
			ExecutionOrderSort2 (0ms)
			AwakeInstancesAfterBackupRestoration (7ms)
Platform modules already initialized, skipping
Refreshing native plugins compatible for Editor in 0.91 ms, found 3 plugins.
Preloading 0 native plugins for Editor in 0.00 ms.
Unloading 4995 Unused Serialized files (Serialized files now loaded: 0)
Unloading 31 unused Assets / (0.7 MB). Loaded Objects now: 5600.
Memory consumption went from 198.6 MB to 197.9 MB.
Total: 4.001700 ms (FindLiveObjects: 0.590500 ms CreateObjectMapping: 0.133400 ms MarkObjects: 3.017700 ms  DeleteObjects: 0.258600 ms)

AssetImportParameters requested are different than current active one (requested -> active):
  custom:video-decoder-ogg-theora: a1e56fd34408186e4bbccfd4996cb3dc -> 
  custom:container-muxer-webm: aa71ff27fc2769a1b78a27578f13a17b -> 
  custom:container-demuxer-webm: 4f35f7cbe854078d1ac9338744f61a02 -> 
  custom:video-encoder-webm-vp8: eb34c28f22e8b96e1ab97ce403110664 -> 
  custom:video-codec-MediaFoundation-h265: 746d11721c4dcdbdad8f713fa42b33f4 -> 
  custom:audio-encoder-webm-vorbis: bf7c407c2cedff20999df2af8eb42d56 -> 
  custom:framework-win-MediaFoundation: 216162199b28c13a410421893ffa2e32 -> 
  custom:container-demuxer-ogg: 62fdf1f143b41e24485cea50d1cbac27 -> 
  custom:video-decoder-webm-vp8: 9c59270c3fd7afecdb556c50c9e8de78 -> 
  custom:audio-decoder-ogg-vorbis: bf7c407c2cedff20999df2af8eb42d56 -> 
========================================================================
Received Prepare
Registering precompiled user dll's ...
Registered in 0.007203 seconds.
Begin MonoManager ReloadAssembly
Symbol file LoadedFromMemory doesn't match image C:\Users\Thanos\Desktop\UnityProjects\GGJ_2022\Library\PackageCache\com.unity.visualscripting@1.7.5\Editor\VisualScripting.Core\Dependencies\YamlDotNet\Unity.VisualScripting.YamlDotNet.dll
Symbol file LoadedFromMemory doesn't match image C:\Users\Thanos\Desktop\UnityProjects\GGJ_2022\Library\PackageCache\com.unity.visualscripting@1.7.5\Editor\VisualScripting.Core\Dependencies\DotNetZip\Unity.VisualScripting.IonicZip.dll
Native extension for WindowsStandalone target not found
Refreshing native plugins compatible for Editor in 0.87 ms, found 3 plugins.
Preloading 0 native plugins for Editor in 0.00 ms.
Mono: successfully reloaded assembly
- Completed reload, in  1.043 seconds
Domain Reload Profiling:
	ReloadAssembly (1044ms)
		BeginReloadAssembly (120ms)
			ExecutionOrderSort (0ms)
			DisableScriptedObjects (6ms)
			BackupInstance (0ms)
			ReleaseScriptingObjects (0ms)
			CreateAndSetChildDomain (37ms)
		EndReloadAssembly (844ms)
			LoadAssemblies (75ms)
			RebuildTransferFunctionScriptingTraits (0ms)
			SetupTypeCache (235ms)
			ReleaseScriptCaches (2ms)
			RebuildScriptCaches (38ms)
			SetupLoadedEditorAssemblies (454ms)
				LogAssemblyErrors (0ms)
				InitializePlatformSupportModulesInManaged (10ms)
				SetLoadedEditorAssemblies (0ms)
				RefreshPlugins (1ms)
				BeforeProcessingInitializeOnLoad (74ms)
				ProcessInitializeOnLoadAttributes (297ms)
				ProcessInitializeOnLoadMethodAttributes (63ms)
				AfterProcessingInitializeOnLoad (8ms)
				EditorAssembliesLoaded (0ms)
			ExecutionOrderSort2 (0ms)
			AwakeInstancesAfterBackupRestoration (7ms)
Platform modules already initialized, skipping
Refreshing native plugins compatible for Editor in 0.90 ms, found 3 plugins.
Preloading 0 native plugins for Editor in 0.00 ms.
Unloading 4995 Unused Serialized files (Serialized files now loaded: 0)
Unloading 31 unused Assets / (0.7 MB). Loaded Objects now: 5602.
Memory consumption went from 198.6 MB to 197.9 MB.
Total: 3.901400 ms (FindLiveObjects: 0.430000 ms CreateObjectMapping: 0.236400 ms MarkObjects: 2.903100 ms  DeleteObjects: 0.330200 ms)

AssetImportParameters requested are different than current active one (requested -> active):
  custom:video-decoder-ogg-theora: a1e56fd34408186e4bbccfd4996cb3dc -> 
  custom:container-muxer-webm: aa71ff27fc2769a1b78a27578f13a17b -> 
  custom:container-demuxer-webm: 4f35f7cbe854078d1ac9338744f61a02 -> 
  custom:video-encoder-webm-vp8: eb34c28f22e8b96e1ab97ce403110664 -> 
  custom:video-codec-MediaFoundation-h265: 746d11721c4dcdbdad8f713fa42b33f4 -> 
  custom:audio-encoder-webm-vorbis: bf7c407c2cedff20999df2af8eb42d56 -> 
  custom:framework-win-MediaFoundation: 216162199b28c13a410421893ffa2e32 -> 
  custom:container-demuxer-ogg: 62fdf1f143b41e24485cea50d1cbac27 -> 
  custom:video-decoder-webm-vp8: 9c59270c3fd7afecdb556c50c9e8de78 -> 
  custom:audio-decoder-ogg-vorbis: bf7c407c2cedff20999df2af8eb42d56 -> 
========================================================================
Received Import Request.
  Time since last request: 415.582395 seconds.
  path: Assets/Shapeforms Audio Free Sound Effects/Type Preview
  artifactKey: Guid(e8a03120598e6474a811f688c9a5b8b8) Importer(815301076,1909f56bfc062723c751e8b465ee728b)
Start importing Assets/Shapeforms Audio Free Sound Effects/Type Preview using Guid(e8a03120598e6474a811f688c9a5b8b8) Importer(815301076,1909f56bfc062723c751e8b465ee728b)  -> (artifact id: '368847b669a26fc1b8fb3eea2b9a5ccf') in 0.020439 seconds 
========================================================================
Received Import Request.
  Time since last request: 1.388822 seconds.
  path: Assets/Shapeforms Audio Free Sound Effects/Type Preview/AUDIO
  artifactKey: Guid(2cbca2751214e42798473a2501499e76) Importer(815301076,1909f56bfc062723c751e8b465ee728b)
Start importing Assets/Shapeforms Audio Free Sound Effects/Type Preview/AUDIO using Guid(2cbca2751214e42798473a2501499e76) Importer(815301076,1909f56bfc062723c751e8b465ee728b)  -> (artifact id: '7577336fcc582946c734122c49fe968f') in 0.002070 seconds 
========================================================================
Received Import Request.
  Time since last request: 0.354921 seconds.
  path: Assets/Shapeforms Audio Free Sound Effects/Type Preview/AUDIO/Apple Keyboard_Typing Long_02.wav
  artifactKey: Guid(eab51268bf9784ac8864a06bb4d83b93) Importer(815301076,1909f56bfc062723c751e8b465ee728b)
Start importing Assets/Shapeforms Audio Free Sound Effects/Type Preview/AUDIO/Apple Keyboard_Typing Long_02.wav using Guid(eab51268bf9784ac8864a06bb4d83b93) Importer(815301076,1909f56bfc062723c751e8b465ee728b)  -> (artifact id: '6bd98978762fae92fd515d3d3e6165f4') in 0.049936 seconds 
========================================================================
Received Import Request.
  Time since last request: 0.000023 seconds.
  path: Assets/Shapeforms Audio Free Sound Effects/Type Preview/AUDIO/PC Keyboard_Brush_18.wav
  artifactKey: Guid(27224868daeda4fbeb1647b99d0d0ddb) Importer(815301076,1909f56bfc062723c751e8b465ee728b)
Start importing Assets/Shapeforms Audio Free Sound Effects/Type Preview/AUDIO/PC Keyboard_Brush_18.wav using Guid(27224868daeda4fbeb1647b99d0d0ddb) Importer(815301076,1909f56bfc062723c751e8b465ee728b)  -> (artifact id: '365943adfa20698a4304a0eaa93b6316') in 0.015389 seconds 
========================================================================
Received Import Request.
  Time since last request: 0.000025 seconds.
  path: Assets/Shapeforms Audio Free Sound Effects/Type Preview/AUDIO/Laptop_Typing Short_04.wav
  artifactKey: Guid(ecb6b75926c00465ab064c948ce2f498) Importer(815301076,1909f56bfc062723c751e8b465ee728b)
Start importing Assets/Shapeforms Audio Free Sound Effects/Type Preview/AUDIO/Laptop_Typing Short_04.wav using Guid(ecb6b75926c00465ab064c948ce2f498) Importer(815301076,1909f56bfc062723c751e8b465ee728b)  -> (artifact id: 'd167d5b23b37b66024e054df9defba73') in 0.012754 seconds 
========================================================================
Received Import Request.
  Time since last request: 0.000023 seconds.
  path: Assets/Shapeforms Audio Free Sound Effects/Type Preview/AUDIO/Tablet_Swipe_01.wav
  artifactKey: Guid(a0ce1b3be119945678e20f87d908d853) Importer(815301076,1909f56bfc062723c751e8b465ee728b)
Start importing Assets/Shapeforms Audio Free Sound Effects/Type Preview/AUDIO/Tablet_Swipe_01.wav using Guid(a0ce1b3be119945678e20f87d908d853) Importer(815301076,1909f56bfc062723c751e8b465ee728b)  -> (artifact id: '0c4a523afa22b23be804ed20558fa741') in 0.020288 seconds 
========================================================================
Received Import Request.
  Time since last request: 0.000026 seconds.
  path: Assets/Shapeforms Audio Free Sound Effects/Type Preview/AUDIO/PC Keyboard_Spacebar_06.wav
  artifactKey: Guid(71c6753fe8fe44143b7e638fc5f6b541) Importer(815301076,1909f56bfc062723c751e8b465ee728b)
Start importing Assets/Shapeforms Audio Free Sound Effects/Type Preview/AUDIO/PC Keyboard_Spacebar_06.wav using Guid(71c6753fe8fe44143b7e638fc5f6b541) Importer(815301076,1909f56bfc062723c751e8b465ee728b)  -> (artifact id: '275851133cbe8469b344037e8dc62038') in 0.038776 seconds 
========================================================================
Received Import Request.
  Time since last request: 0.000027 seconds.
  path: Assets/Shapeforms Audio Free Sound Effects/Type Preview/AUDIO/Tablet_Typing_06.wav
  artifactKey: Guid(c5c2fb8b1a9ba4d5caf9e3066768fa47) Importer(815301076,1909f56bfc062723c751e8b465ee728b)
Start importing Assets/Shapeforms Audio Free Sound Effects/Type Preview/AUDIO/Tablet_Typing_06.wav using Guid(c5c2fb8b1a9ba4d5caf9e3066768fa47) Importer(815301076,1909f56bfc062723c751e8b465ee728b)  -> (artifact id: '879867f5a10b210481b51a97e1145e66') in 0.017544 seconds 
========================================================================
Received Prepare
Registering precompiled user dll's ...
Registered in 0.007168 seconds.
Begin MonoManager ReloadAssembly
Symbol file LoadedFromMemory doesn't match image C:\Users\Thanos\Desktop\UnityProjects\GGJ_2022\Library\PackageCache\com.unity.visualscripting@1.7.5\Editor\VisualScripting.Core\Dependencies\YamlDotNet\Unity.VisualScripting.YamlDotNet.dll
Symbol file LoadedFromMemory doesn't match image C:\Users\Thanos\Desktop\UnityProjects\GGJ_2022\Library\PackageCache\com.unity.visualscripting@1.7.5\Editor\VisualScripting.Core\Dependencies\DotNetZip\Unity.VisualScripting.IonicZip.dll
Native extension for WindowsStandalone target not found
Refreshing native plugins compatible for Editor in 0.89 ms, found 3 plugins.
Preloading 0 native plugins for Editor in 0.00 ms.
Mono: successfully reloaded assembly
- Completed reload, in  1.040 seconds
Domain Reload Profiling:
	ReloadAssembly (1040ms)
		BeginReloadAssembly (130ms)
			ExecutionOrderSort (0ms)
			DisableScriptedObjects (5ms)
			BackupInstance (0ms)
			ReleaseScriptingObjects (0ms)
			CreateAndSetChildDomain (40ms)
		EndReloadAssembly (827ms)
			LoadAssemblies (79ms)
			RebuildTransferFunctionScriptingTraits (0ms)
			SetupTypeCache (228ms)
			ReleaseScriptCaches (2ms)
			RebuildScriptCaches (38ms)
			SetupLoadedEditorAssemblies (443ms)
				LogAssemblyErrors (0ms)
				InitializePlatformSupportModulesInManaged (12ms)
				SetLoadedEditorAssemblies (0ms)
				RefreshPlugins (1ms)
				BeforeProcessingInitializeOnLoad (80ms)
				ProcessInitializeOnLoadAttributes (283ms)
				ProcessInitializeOnLoadMethodAttributes (59ms)
				AfterProcessingInitializeOnLoad (8ms)
				EditorAssembliesLoaded (0ms)
			ExecutionOrderSort2 (0ms)
			AwakeInstancesAfterBackupRestoration (7ms)
Platform modules already initialized, skipping
Refreshing native plugins compatible for Editor in 0.91 ms, found 3 plugins.
Preloading 0 native plugins for Editor in 0.00 ms.
Unloading 4995 Unused Serialized files (Serialized files now loaded: 0)
Unloading 31 unused Assets / (0.7 MB). Loaded Objects now: 5604.
Memory consumption went from 198.6 MB to 197.9 MB.
Total: 3.569000 ms (FindLiveObjects: 0.351200 ms CreateObjectMapping: 0.147200 ms MarkObjects: 2.804500 ms  DeleteObjects: 0.265000 ms)

AssetImportParameters requested are different than current active one (requested -> active):
  custom:video-decoder-ogg-theora: a1e56fd34408186e4bbccfd4996cb3dc -> 
  custom:container-muxer-webm: aa71ff27fc2769a1b78a27578f13a17b -> 
  custom:container-demuxer-webm: 4f35f7cbe854078d1ac9338744f61a02 -> 
  custom:video-encoder-webm-vp8: eb34c28f22e8b96e1ab97ce403110664 -> 
  custom:video-codec-MediaFoundation-h265: 746d11721c4dcdbdad8f713fa42b33f4 -> 
  custom:audio-encoder-webm-vorbis: bf7c407c2cedff20999df2af8eb42d56 -> 
  custom:framework-win-MediaFoundation: 216162199b28c13a410421893ffa2e32 -> 
  custom:container-demuxer-ogg: 62fdf1f143b41e24485cea50d1cbac27 -> 
  custom:video-decoder-webm-vp8: 9c59270c3fd7afecdb556c50c9e8de78 -> 
  custom:audio-decoder-ogg-vorbis: bf7c407c2cedff20999df2af8eb42d56 -> 
========================================================================
Received Import Request.
  Time since last request: 431.324000 seconds.
  path: Assets/Prefabs/Bullet.prefab
  artifactKey: Guid(e02f5708224cb714ab4412a9bcb33a01) Importer(815301076,1909f56bfc062723c751e8b465ee728b)
Start importing Assets/Prefabs/Bullet.prefab using Guid(e02f5708224cb714ab4412a9bcb33a01) Importer(815301076,1909f56bfc062723c751e8b465ee728b)  -> (artifact id: '8e497026a08496870fb2fc4cf9f28dcc') in 0.186038 seconds 
========================================================================
Received Import Request.
  Time since last request: 148.365099 seconds.
  path: Assets/Audio/Weapon Switch.wav
  artifactKey: Guid(c5429eefe424f8c47b40716964c23c53) Importer(815301076,1909f56bfc062723c751e8b465ee728b)
Start importing Assets/Audio/Weapon Switch.wav using Guid(c5429eefe424f8c47b40716964c23c53) Importer(815301076,1909f56bfc062723c751e8b465ee728b)  -> (artifact id: 'de1f014afbec3f1b4ea7f06fc3e58e42') in 0.020063 seconds 
