Using pre-set license
Built from '2021.2/staging' branch; Version is '2021.2.6f1 (8c4e826ba445) revision 9195138'; Using compiler version '192829333'; Build Type 'Release'
OS: 'Windows 10  (10.0.19042) 64bit Professional' Language: 'en' Physical Memory: 32104 MB
BatchMode: 1, IsHumanControllingUs: 0, StartBugReporterOnCrash: 0, Is64bit: 1, IsPro: 0

COMMAND LINE ARGUMENTS:
C:\Program Files\Unity\Hub\Editor\2021.2.6f1\Editor\Unity.exe
-adb2
-batchMode
-noUpm
-name
AssetImportWorker0
-projectPath
C:/Users/Thanos/Desktop/UnityProjects/GGJ_2022
-logFile
Logs/AssetImportWorker0.log
-srvPort
58481
Successfully changed project path to: C:/Users/Thanos/Desktop/UnityProjects/GGJ_2022
C:/Users/Thanos/Desktop/UnityProjects/GGJ_2022
[UnityMemory] Configuration Parameters - Can be set up in boot.config
    "memorysetup-bucket-allocator-granularity=16"
    "memorysetup-bucket-allocator-bucket-count=8"
    "memorysetup-bucket-allocator-block-size=33554432"
    "memorysetup-bucket-allocator-block-count=8"
    "memorysetup-main-allocator-block-size=16777216"
    "memorysetup-thread-allocator-block-size=16777216"
    "memorysetup-gfx-main-allocator-block-size=16777216"
    "memorysetup-gfx-thread-allocator-block-size=16777216"
    "memorysetup-cache-allocator-block-size=4194304"
    "memorysetup-typetree-allocator-block-size=2097152"
    "memorysetup-profiler-bucket-allocator-granularity=16"
    "memorysetup-profiler-bucket-allocator-bucket-count=8"
    "memorysetup-profiler-bucket-allocator-block-size=33554432"
    "memorysetup-profiler-bucket-allocator-block-count=8"
    "memorysetup-profiler-allocator-block-size=16777216"
    "memorysetup-profiler-editor-allocator-block-size=1048576"
    "memorysetup-temp-allocator-size-main=16777216"
    "memorysetup-job-temp-allocator-block-size=2097152"
    "memorysetup-job-temp-allocator-block-size-background=1048576"
    "memorysetup-job-temp-allocator-reduction-small-platforms=262144"
    "memorysetup-temp-allocator-size-background-worker=32768"
    "memorysetup-temp-allocator-size-job-worker=262144"
    "memorysetup-temp-allocator-size-preload-manager=33554432"
    "memorysetup-temp-allocator-size-nav-mesh-worker=65536"
    "memorysetup-temp-allocator-size-audio-worker=65536"
    "memorysetup-temp-allocator-size-cloud-worker=32768"
    "memorysetup-temp-allocator-size-gi-baking-worker=262144"
    "memorysetup-temp-allocator-size-gfx=262144"
Refreshing native plugins compatible for Editor in 92.49 ms, found 3 plugins.
Preloading 0 native plugins for Editor in 0.00 ms.
Initialize engine version: 2021.2.6f1 (8c4e826ba445)
[Subsystems] Discovering subsystems at path C:/Program Files/Unity/Hub/Editor/2021.2.6f1/Editor/Data/Resources/UnitySubsystems
[Subsystems] Discovering subsystems at path C:/Users/Thanos/Desktop/UnityProjects/GGJ_2022/Assets
GfxDevice: creating device client; threaded=0; jobified=0
Direct3D:
    Version:  Direct3D 11.0 [level 11.1]
    Renderer: NVIDIA GeForce RTX 3070 Laptop GPU (ID=0x24dd)
    Vendor:   NVIDIA
    VRAM:     8044 MB
    Driver:   27.21.14.6685
Initialize mono
Mono path[0] = 'C:/Program Files/Unity/Hub/Editor/2021.2.6f1/Editor/Data/Managed'
Mono path[1] = 'C:/Program Files/Unity/Hub/Editor/2021.2.6f1/Editor/Data/MonoBleedingEdge/lib/mono/unityjit-win32'
Mono config path = 'C:/Program Files/Unity/Hub/Editor/2021.2.6f1/Editor/Data/MonoBleedingEdge/etc'
Using monoOptions --debugger-agent=transport=dt_socket,embedding=1,server=y,suspend=n,address=127.0.0.1:56244
Begin MonoManager ReloadAssembly
Registering precompiled unity dll's ...
Register platform support module: C:/Program Files/Unity/Hub/Editor/2021.2.6f1/Editor/Data/PlaybackEngines/WindowsStandaloneSupport/UnityEditor.WindowsStandalone.Extensions.dll
Registered in 0.005916 seconds.
Native extension for WindowsStandalone target not found
Refreshing native plugins compatible for Editor in 92.57 ms, found 3 plugins.
Preloading 0 native plugins for Editor in 0.00 ms.
Mono: successfully reloaded assembly
- Completed reload, in  0.549 seconds
Domain Reload Profiling:
	ReloadAssembly (550ms)
		BeginReloadAssembly (60ms)
			ExecutionOrderSort (0ms)
			DisableScriptedObjects (0ms)
			BackupInstance (0ms)
			ReleaseScriptingObjects (0ms)
			CreateAndSetChildDomain (1ms)
		EndReloadAssembly (425ms)
			LoadAssemblies (58ms)
			RebuildTransferFunctionScriptingTraits (0ms)
			SetupTypeCache (92ms)
			ReleaseScriptCaches (0ms)
			RebuildScriptCaches (21ms)
			SetupLoadedEditorAssemblies (266ms)
				LogAssemblyErrors (0ms)
				InitializePlatformSupportModulesInManaged (13ms)
				SetLoadedEditorAssemblies (0ms)
				RefreshPlugins (93ms)
				BeforeProcessingInitializeOnLoad (1ms)
				ProcessInitializeOnLoadAttributes (120ms)
				ProcessInitializeOnLoadMethodAttributes (39ms)
				AfterProcessingInitializeOnLoad (0ms)
				EditorAssembliesLoaded (0ms)
			ExecutionOrderSort2 (0ms)
			AwakeInstancesAfterBackupRestoration (0ms)
Platform modules already initialized, skipping
Registering precompiled user dll's ...
Registered in 0.007641 seconds.
Begin MonoManager ReloadAssembly
Symbol file LoadedFromMemory doesn't match image C:\Users\Thanos\Desktop\UnityProjects\GGJ_2022\Library\PackageCache\com.unity.visualscripting@1.7.5\Editor\VisualScripting.Core\Dependencies\YamlDotNet\Unity.VisualScripting.YamlDotNet.dll
Symbol file LoadedFromMemory doesn't match image C:\Users\Thanos\Desktop\UnityProjects\GGJ_2022\Library\PackageCache\com.unity.visualscripting@1.7.5\Editor\VisualScripting.Core\Dependencies\DotNetZip\Unity.VisualScripting.IonicZip.dll
Native extension for WindowsStandalone target not found
Refreshing native plugins compatible for Editor in 91.54 ms, found 3 plugins.
Preloading 0 native plugins for Editor in 0.00 ms.
Mono: successfully reloaded assembly
- Completed reload, in  1.530 seconds
Domain Reload Profiling:
	ReloadAssembly (1531ms)
		BeginReloadAssembly (92ms)
			ExecutionOrderSort (0ms)
			DisableScriptedObjects (5ms)
			BackupInstance (0ms)
			ReleaseScriptingObjects (0ms)
			CreateAndSetChildDomain (17ms)
		EndReloadAssembly (1359ms)
			LoadAssemblies (73ms)
			RebuildTransferFunctionScriptingTraits (0ms)
			SetupTypeCache (234ms)
			ReleaseScriptCaches (1ms)
			RebuildScriptCaches (46ms)
			SetupLoadedEditorAssemblies (968ms)
				LogAssemblyErrors (0ms)
				InitializePlatformSupportModulesInManaged (9ms)
				SetLoadedEditorAssemblies (0ms)
				RefreshPlugins (92ms)
				BeforeProcessingInitializeOnLoad (103ms)
				ProcessInitializeOnLoadAttributes (674ms)
				ProcessInitializeOnLoadMethodAttributes (81ms)
				AfterProcessingInitializeOnLoad (9ms)
				EditorAssembliesLoaded (0ms)
			ExecutionOrderSort2 (0ms)
			AwakeInstancesAfterBackupRestoration (5ms)
Platform modules already initialized, skipping
========================================================================
Worker process is ready to serve import requests
Launched and connected shader compiler UnityShaderCompiler.exe after 0.05 seconds
Refreshing native plugins compatible for Editor in 1.26 ms, found 3 plugins.
Preloading 0 native plugins for Editor in 0.00 ms.
Unloading 5139 Unused Serialized files (Serialized files now loaded: 0)
Unloading 40 unused Assets / (0.7 MB). Loaded Objects now: 5599.
Memory consumption went from 205.6 MB to 204.9 MB.
Total: 4.402100 ms (FindLiveObjects: 0.452800 ms CreateObjectMapping: 0.199700 ms MarkObjects: 3.338800 ms  DeleteObjects: 0.409200 ms)

AssetImportParameters requested are different than current active one (requested -> active):
  custom:video-decoder-ogg-theora: a1e56fd34408186e4bbccfd4996cb3dc -> 
  custom:container-muxer-webm: aa71ff27fc2769a1b78a27578f13a17b -> 
  custom:container-demuxer-webm: 4f35f7cbe854078d1ac9338744f61a02 -> 
  custom:video-encoder-webm-vp8: eb34c28f22e8b96e1ab97ce403110664 -> 
  custom:video-codec-MediaFoundation-h265: 746d11721c4dcdbdad8f713fa42b33f4 -> 
  custom:audio-encoder-webm-vorbis: bf7c407c2cedff20999df2af8eb42d56 -> 
  custom:framework-win-MediaFoundation: 216162199b28c13a410421893ffa2e32 -> 
  custom:container-demuxer-ogg: 62fdf1f143b41e24485cea50d1cbac27 -> 
  custom:video-decoder-webm-vp8: 9c59270c3fd7afecdb556c50c9e8de78 -> 
  custom:audio-decoder-ogg-vorbis: bf7c407c2cedff20999df2af8eb42d56 -> 
========================================================================
Received Import Request.
  Time since last request: 1126594.256609 seconds.
  path: Assets/Materials/Blue.mat
  artifactKey: Guid(aadbfb22adb404743af7f6ef4331a1a4) Importer(815301076,1909f56bfc062723c751e8b465ee728b)
Start importing Assets/Materials/Blue.mat using Guid(aadbfb22adb404743af7f6ef4331a1a4) Importer(815301076,1909f56bfc062723c751e8b465ee728b)  -> (artifact id: '02a537992ac52851336d452c3d9af0f9') in 1.260384 seconds 
========================================================================
Received Import Request.
  Time since last request: 0.000030 seconds.
  path: Assets/Materials/Bouncy.physicMaterial
  artifactKey: Guid(358e2a5ae3897b246a08f3e934f62e6d) Importer(815301076,1909f56bfc062723c751e8b465ee728b)
Start importing Assets/Materials/Bouncy.physicMaterial using Guid(358e2a5ae3897b246a08f3e934f62e6d) Importer(815301076,1909f56bfc062723c751e8b465ee728b)  -> (artifact id: '5242981cf1c71975b90c1406117e4a42') in 0.008690 seconds 
========================================================================
Received Import Request.
  Time since last request: 0.000030 seconds.
  path: Assets/Materials/White.mat
  artifactKey: Guid(96850ca5539774a44a6287d4344a9ff4) Importer(815301076,1909f56bfc062723c751e8b465ee728b)
Start importing Assets/Materials/White.mat using Guid(96850ca5539774a44a6287d4344a9ff4) Importer(815301076,1909f56bfc062723c751e8b465ee728b)  -> (artifact id: 'c29f13afd8f95d7b35c0cb19d4a62175') in 0.030817 seconds 
========================================================================
Received Import Request.
  Time since last request: 0.000022 seconds.
  path: Assets/Materials/Cat.png
  artifactKey: Guid(de9c9596e6d0a6e4ba4ee4bf9b40ce10) Importer(815301076,1909f56bfc062723c751e8b465ee728b)
Start importing Assets/Materials/Cat.png using Guid(de9c9596e6d0a6e4ba4ee4bf9b40ce10) Importer(815301076,1909f56bfc062723c751e8b465ee728b)  -> (artifact id: '1fba8cdd2342e1161e9ee6f7629a20de') in 0.021467 seconds 
========================================================================
Received Import Request.
  Time since last request: 0.000024 seconds.
  path: Assets/Materials/Grey.mat
  artifactKey: Guid(fd7660e43e753674f94ae96b649735ba) Importer(815301076,1909f56bfc062723c751e8b465ee728b)
Start importing Assets/Materials/Grey.mat using Guid(fd7660e43e753674f94ae96b649735ba) Importer(815301076,1909f56bfc062723c751e8b465ee728b)  -> (artifact id: 'd81b2505c3eaa13f2d4aafaabb20fab3') in 0.013697 seconds 
========================================================================
Received Import Request.
  Time since last request: 0.000022 seconds.
  path: Assets/Materials/Bullet.mat
  artifactKey: Guid(3d42f34bd2d16604295ffdf8f39945df) Importer(815301076,1909f56bfc062723c751e8b465ee728b)
Start importing Assets/Materials/Bullet.mat using Guid(3d42f34bd2d16604295ffdf8f39945df) Importer(815301076,1909f56bfc062723c751e8b465ee728b)  -> (artifact id: 'a43b040220d7192e0e2a69030db580d2') in 0.149071 seconds 
========================================================================
Received Import Request.
  Time since last request: 0.000033 seconds.
  path: Assets/DIMIS___.TTF
  artifactKey: Guid(f846f5256bada23488e7fc12b6fbe03f) Importer(815301076,1909f56bfc062723c751e8b465ee728b)
Start importing Assets/DIMIS___.TTF using Guid(f846f5256bada23488e7fc12b6fbe03f) Importer(815301076,1909f56bfc062723c751e8b465ee728b)  -> (artifact id: 'f1cb945922f26880eb2744599fd02a3c') in 0.025117 seconds 
========================================================================
Received Import Request.
  Time since last request: 0.000028 seconds.
  path: Assets/Materials/Particles.mat
  artifactKey: Guid(b33fd250833178f4ca56b073b0dbe605) Importer(815301076,1909f56bfc062723c751e8b465ee728b)
Start importing Assets/Materials/Particles.mat using Guid(b33fd250833178f4ca56b073b0dbe605) Importer(815301076,1909f56bfc062723c751e8b465ee728b)  -> (artifact id: '2666da797f9befa3fd20438d98b5ef15') in 0.014176 seconds 
========================================================================
Received Import Request.
  Time since last request: 0.000018 seconds.
  path: Assets/Materials/Flame.mat
  artifactKey: Guid(0b5178112e5dfed42baf27c98a6cbeec) Importer(815301076,1909f56bfc062723c751e8b465ee728b)
Start importing Assets/Materials/Flame.mat using Guid(0b5178112e5dfed42baf27c98a6cbeec) Importer(815301076,1909f56bfc062723c751e8b465ee728b)  -> (artifact id: '5cf3c7af481ac28ae92a90bdb580b1dd') in 0.018486 seconds 
========================================================================
Received Import Request.
  Time since last request: 0.000036 seconds.
  path: Assets/Materials/Background.mat
  artifactKey: Guid(35ed00d70cfe1f1449fbc5c013e49e3c) Importer(815301076,1909f56bfc062723c751e8b465ee728b)
Start importing Assets/Materials/Background.mat using Guid(35ed00d70cfe1f1449fbc5c013e49e3c) Importer(815301076,1909f56bfc062723c751e8b465ee728b)  -> (artifact id: '2edf439838991893ce2ea8ca8c498aa4') in 0.013715 seconds 
========================================================================
Received Import Request.
  Time since last request: 0.000020 seconds.
  path: Assets/Materials/Purple.mat
  artifactKey: Guid(99147c0a5a86aef4dacd7b0f326738f2) Importer(815301076,1909f56bfc062723c751e8b465ee728b)
Start importing Assets/Materials/Purple.mat using Guid(99147c0a5a86aef4dacd7b0f326738f2) Importer(815301076,1909f56bfc062723c751e8b465ee728b)  -> (artifact id: '679f5b35f36a7b1c6d5c0baf180158e7') in 0.013932 seconds 
========================================================================
Received Import Request.
  Time since last request: 0.000024 seconds.
  path: Assets/Materials/Thorns.mat
  artifactKey: Guid(152a21e73423cc24185e3f0fa6e67deb) Importer(815301076,1909f56bfc062723c751e8b465ee728b)
Start importing Assets/Materials/Thorns.mat using Guid(152a21e73423cc24185e3f0fa6e67deb) Importer(815301076,1909f56bfc062723c751e8b465ee728b)  -> (artifact id: '8e001d7afd12fa57810ffe535fcad1af') in 1.235778 seconds 
========================================================================
Received Import Request.
  Time since last request: 0.000037 seconds.
  path: Assets/DIMIS___ SDF.asset
  artifactKey: Guid(db0a1e8689c868a49ae99247a8ca2fb4) Importer(815301076,1909f56bfc062723c751e8b465ee728b)
Start importing Assets/DIMIS___ SDF.asset using Guid(db0a1e8689c868a49ae99247a8ca2fb4) Importer(815301076,1909f56bfc062723c751e8b465ee728b)  -> (artifact id: '1bd66690624ba63ac7c9b014ba0bada3') in 0.038172 seconds 
========================================================================
Received Import Request.
  Time since last request: 11.076614 seconds.
  path: Assets/Materials/Orange.mat
  artifactKey: Guid(99386a0debf0cb84497d2ff5d50d1db6) Importer(815301076,1909f56bfc062723c751e8b465ee728b)
Start importing Assets/Materials/Orange.mat using Guid(99386a0debf0cb84497d2ff5d50d1db6) Importer(815301076,1909f56bfc062723c751e8b465ee728b)  -> (artifact id: 'ffcdbfd57af0918b8d3c4918c5094662') in 0.012812 seconds 
========================================================================
Received Import Request.
  Time since last request: 6.293707 seconds.
  path: Assets/Materials/Player2.png
  artifactKey: Guid(fb7e3e7129080ee44a1ae75f1612b7b9) Importer(815301076,1909f56bfc062723c751e8b465ee728b)
Start importing Assets/Materials/Player2.png using Guid(fb7e3e7129080ee44a1ae75f1612b7b9) Importer(815301076,1909f56bfc062723c751e8b465ee728b)  -> (artifact id: 'c0bbeeeb54f7210463a53c67b74ae103') in 0.020385 seconds 
========================================================================
Received Prepare
Registering precompiled user dll's ...
Registered in 0.007004 seconds.
Begin MonoManager ReloadAssembly
Symbol file LoadedFromMemory doesn't match image C:\Users\Thanos\Desktop\UnityProjects\GGJ_2022\Library\PackageCache\com.unity.visualscripting@1.7.5\Editor\VisualScripting.Core\Dependencies\YamlDotNet\Unity.VisualScripting.YamlDotNet.dll
Symbol file LoadedFromMemory doesn't match image C:\Users\Thanos\Desktop\UnityProjects\GGJ_2022\Library\PackageCache\com.unity.visualscripting@1.7.5\Editor\VisualScripting.Core\Dependencies\DotNetZip\Unity.VisualScripting.IonicZip.dll
Native extension for WindowsStandalone target not found
Refreshing native plugins compatible for Editor in 0.89 ms, found 3 plugins.
Preloading 0 native plugins for Editor in 0.00 ms.
Mono: successfully reloaded assembly
- Completed reload, in  1.057 seconds
Domain Reload Profiling:
	ReloadAssembly (1058ms)
		BeginReloadAssembly (138ms)
			ExecutionOrderSort (0ms)
			DisableScriptedObjects (8ms)
			BackupInstance (0ms)
			ReleaseScriptingObjects (0ms)
			CreateAndSetChildDomain (49ms)
		EndReloadAssembly (842ms)
			LoadAssemblies (74ms)
			RebuildTransferFunctionScriptingTraits (0ms)
			SetupTypeCache (217ms)
			ReleaseScriptCaches (2ms)
			RebuildScriptCaches (41ms)
			SetupLoadedEditorAssemblies (436ms)
				LogAssemblyErrors (0ms)
				InitializePlatformSupportModulesInManaged (10ms)
				SetLoadedEditorAssemblies (0ms)
				RefreshPlugins (1ms)
				BeforeProcessingInitializeOnLoad (73ms)
				ProcessInitializeOnLoadAttributes (276ms)
				ProcessInitializeOnLoadMethodAttributes (68ms)
				AfterProcessingInitializeOnLoad (8ms)
				EditorAssembliesLoaded (0ms)
			ExecutionOrderSort2 (0ms)
			AwakeInstancesAfterBackupRestoration (14ms)
Platform modules already initialized, skipping
Refreshing native plugins compatible for Editor in 1.44 ms, found 3 plugins.
Preloading 0 native plugins for Editor in 0.00 ms.
Unloading 5011 Unused Serialized files (Serialized files now loaded: 0)
Unloading 28 unused Assets / (310.0 KB). Loaded Objects now: 5763.
Memory consumption went from 208.4 MB to 208.1 MB.
Total: 4.196700 ms (FindLiveObjects: 0.704300 ms CreateObjectMapping: 0.161100 ms MarkObjects: 3.132400 ms  DeleteObjects: 0.196200 ms)

AssetImportParameters requested are different than current active one (requested -> active):
  custom:video-decoder-ogg-theora: a1e56fd34408186e4bbccfd4996cb3dc -> 
  custom:container-muxer-webm: aa71ff27fc2769a1b78a27578f13a17b -> 
  custom:container-demuxer-webm: 4f35f7cbe854078d1ac9338744f61a02 -> 
  custom:video-encoder-webm-vp8: eb34c28f22e8b96e1ab97ce403110664 -> 
  custom:video-codec-MediaFoundation-h265: 746d11721c4dcdbdad8f713fa42b33f4 -> 
  custom:audio-encoder-webm-vorbis: bf7c407c2cedff20999df2af8eb42d56 -> 
  custom:framework-win-MediaFoundation: 216162199b28c13a410421893ffa2e32 -> 
  custom:container-demuxer-ogg: 62fdf1f143b41e24485cea50d1cbac27 -> 
  custom:video-decoder-webm-vp8: 9c59270c3fd7afecdb556c50c9e8de78 -> 
  custom:audio-decoder-ogg-vorbis: bf7c407c2cedff20999df2af8eb42d56 -> 
========================================================================
Received Import Request.
  Time since last request: 106.616355 seconds.
  path: Assets/Scripts/Gauge.cs
  artifactKey: Guid(b72945f6f4a43f4459d7536d9c9f042b) Importer(815301076,1909f56bfc062723c751e8b465ee728b)
Start importing Assets/Scripts/Gauge.cs using Guid(b72945f6f4a43f4459d7536d9c9f042b) Importer(815301076,1909f56bfc062723c751e8b465ee728b)  -> (artifact id: 'b14ea715a505ef085ba0ac4fa1c8af92') in 0.012525 seconds 
========================================================================
Received Import Request.
  Time since last request: 285.293187 seconds.
  path: Assets/Models/Dog.fbx
  artifactKey: Guid(4d3e558e99b46c54c8dc9a46a2f32995) Importer(815301076,1909f56bfc062723c751e8b465ee728b)
Start importing Assets/Models/Dog.fbx using Guid(4d3e558e99b46c54c8dc9a46a2f32995) Importer(815301076,1909f56bfc062723c751e8b465ee728b)  -> (artifact id: 'c32b901842045307f432e1c5fb391d3c') in 0.209262 seconds 
========================================================================
Received Import Request.
  Time since last request: 0.000026 seconds.
  path: Assets/Models/Spikes.fbx
  artifactKey: Guid(08f4b8f444f9edf4099151b9670f2c2f) Importer(815301076,1909f56bfc062723c751e8b465ee728b)
Start importing Assets/Models/Spikes.fbx using Guid(08f4b8f444f9edf4099151b9670f2c2f) Importer(815301076,1909f56bfc062723c751e8b465ee728b)  -> (artifact id: 'b9bdc081ab6de3b3a785dd3ef7bc3e4b') in 0.020996 seconds 
Editor requested this worker to shutdown with reason: Scaling down because of idle timeout
AssetImportWorker is now disconnected from the server
Process exiting
Exiting without the bug reporter. Application will terminate with return code 0